#
# There is insufficient memory for the Java Runtime Environment to continue.
# Native memory allocation (mmap) failed to map 134217728 bytes for Failed to commit area from 0x0000000081800000 to 0x0000000089800000 of length 134217728.
# Possible reasons:
#   The system is out of physical RAM or swap space
#   The process is running with CompressedOops enabled, and the Java Heap may be blocking the growth of the native heap
# Possible solutions:
#   Reduce memory load on the system
#   Increase physical memory or swap space
#   Check if swap backing store is full
#   Decrease Java heap size (-Xmx/-Xms)
#   Decrease number of Java threads
#   Decrease Java thread stack sizes (-Xss)
#   Set larger code cache with -XX:ReservedCodeCacheSize=
# This output file may be truncated or incomplete.
#
#  Out of Memory Error (./src/hotspot/os/windows/os_windows.cpp:3521), pid=26316, tid=18536
#
# JRE version:  (11.0.12+7) (build )
# Java VM: OpenJDK 64-Bit Server VM (11.0.12+7-b1504.28-7817840, mixed mode, sharing, tiered, compressed oops, g1 gc, windows-amd64)
# No core dump will be written. Minidumps are not enabled by default on client versions of Windows
#

---------------  S U M M A R Y ------------

Command Line: 

Host: Intel(R) Core(TM) i7-7500U CPU @ 2.70GHz, 4 cores, 7G,  Windows 10 , 64 bit Build 19041 (10.0.19041.1889)
Time: Wed Sep 14 09:33:18 2022 India Standard Time elapsed time: 0.034090 seconds (0d 0h 0m 0s)

---------------  T H R E A D  ---------------

Current thread (0x000002c530a98800):  JavaThread "Unknown thread" [_thread_in_vm, id=18536, stack(0x000000cc9b300000,0x000000cc9b400000)]

Stack: [0x000000cc9b300000,0x000000cc9b400000]
Native frames: (J=compiled Java code, j=interpreted, Vv=VM code, C=native code)
V  [jvm.dll+0x5fbcea]
V  [jvm.dll+0x731905]
V  [jvm.dll+0x732f1d]
V  [jvm.dll+0x7335d3]
V  [jvm.dll+0x247bf8]
V  [jvm.dll+0x5f90b4]
V  [jvm.dll+0x5edc85]
V  [jvm.dll+0x305aeb]
V  [jvm.dll+0x305a5a]
V  [jvm.dll+0x305932]
V  [jvm.dll+0x30a896]
V  [jvm.dll+0x353803]
V  [jvm.dll+0x353f06]
V  [jvm.dll+0x353903]
V  [jvm.dll+0x2e0678]
V  [jvm.dll+0x2e1827]
V  [jvm.dll+0x710037]
V  [jvm.dll+0x71182c]
V  [jvm.dll+0x360da9]
V  [jvm.dll+0x6f390e]
V  [jvm.dll+0x3c9723]
V  [jvm.dll+0x3cb9b1]
C  [jli.dll+0x536b]
C  [ucrtbase.dll+0x21bb2]
C  [KERNEL32.DLL+0x17034]
C  [ntdll.dll+0x52651]


---------------  P R O C E S S  ---------------

Threads class SMR info:
_java_thread_list=0x000002c52f0e00a0, length=0, elements={
}

Java Threads: ( => current thread )

Other Threads:
  0x000002c530ab1000 GCTaskThread "GC Thread#0" [stack: 0x000000cc9b400000,0x000000cc9b500000] [id=13364]
  0x000002c530ae1000 ConcurrentGCThread "G1 Main Marker" [stack: 0x000000cc9b500000,0x000000cc9b600000] [id=17348]
  0x000002c530ae2800 ConcurrentGCThread "G1 Conc#0" [stack: 0x000000cc9b600000,0x000000cc9b700000] [id=4024]

[error occurred during error reporting (printing all threads), id 0xc0000005, EXCEPTION_ACCESS_VIOLATION (0xc0000005) at pc=0x00007ffd72f20be7]

VM state:not at safepoint (not fully initialized)

VM Mutex/Monitor currently owned by a thread:  ([mutex/lock_event])
[0x000002c530a955f0] Heap_lock - owner thread: 0x000002c530a98800

Heap address: 0x0000000081800000, size: 2024 MB, Compressed Oops mode: Non-zero based: 0x0000000081800000
Narrow klass base: 0x0000000000000000, Narrow klass shift: 0

GC Heap History (0 events):
No events

Deoptimization events (0 events):
No events

Classes redefined (0 events):
No events

Internal exceptions (0 events):
No events

Events (1 events):
Event: 0.022 Loaded shared library C:\Program Files\Android\Android Studio\jre\bin\zip.dll


Dynamic libraries:
0x00007ff786cf0000 - 0x00007ff786cfa000 	C:\Program Files\Android\Android Studio\jre\bin\java.EXE
0x00007ffe09a90000 - 0x00007ffe09c88000 	C:\Windows\SYSTEM32\ntdll.dll
0x00007ffe08410000 - 0x00007ffe084cd000 	C:\Windows\System32\KERNEL32.DLL
0x00007ffe07460000 - 0x00007ffe0772e000 	C:\Windows\System32\KERNELBASE.dll
0x00007ffe072f0000 - 0x00007ffe073f0000 	C:\Windows\System32\ucrtbase.dll
0x00007ffe01680000 - 0x00007ffe01699000 	C:\Program Files\Android\Android Studio\jre\bin\jli.dll
0x00007ffe08850000 - 0x00007ffe089f0000 	C:\Windows\System32\USER32.dll
0x00007ffe07270000 - 0x00007ffe07292000 	C:\Windows\System32\win32u.dll
0x00007ffe096b0000 - 0x00007ffe096da000 	C:\Windows\System32\GDI32.dll
0x00007ffe07930000 - 0x00007ffe07a3b000 	C:\Windows\System32\gdi32full.dll
0x00007ffe07730000 - 0x00007ffe077cd000 	C:\Windows\System32\msvcp_win.dll
0x00007ffdf0770000 - 0x00007ffdf0787000 	C:\Program Files\Android\Android Studio\jre\bin\VCRUNTIME140.dll
0x00007ffdfd5c0000 - 0x00007ffdfd85a000 	C:\Windows\WinSxS\amd64_microsoft.windows.common-controls_6595b64144ccf1df_6.0.19041.1110_none_60b5254171f9507e\COMCTL32.dll
0x00007ffe081e0000 - 0x00007ffe0827e000 	C:\Windows\System32\msvcrt.dll
0x00007ffe08360000 - 0x00007ffe08390000 	C:\Windows\System32\IMM32.DLL
0x00007ffde7390000 - 0x00007ffde742d000 	C:\Program Files\Android\Android Studio\jre\bin\msvcp140.dll
0x00007ffd72c30000 - 0x00007ffd73715000 	C:\Program Files\Android\Android Studio\jre\bin\server\jvm.dll
0x00007ffe09140000 - 0x00007ffe091ee000 	C:\Windows\System32\ADVAPI32.dll
0x00007ffe09290000 - 0x00007ffe0932c000 	C:\Windows\System32\sechost.dll
0x00007ffe07af0000 - 0x00007ffe07c15000 	C:\Windows\System32\RPCRT4.dll
0x00007ffe084d0000 - 0x00007ffe084d8000 	C:\Windows\System32\PSAPI.DLL
0x00007ffdf1fd0000 - 0x00007ffdf1fd9000 	C:\Windows\SYSTEM32\WSOCK32.dll
0x00007ffe09390000 - 0x00007ffe093fb000 	C:\Windows\System32\WS2_32.dll
0x00007ffdfd370000 - 0x00007ffdfd397000 	C:\Windows\SYSTEM32\WINMM.dll
0x00007ffdfef50000 - 0x00007ffdfef5a000 	C:\Windows\SYSTEM32\VERSION.dll
0x00007ffe05a40000 - 0x00007ffe05a52000 	C:\Windows\SYSTEM32\kernel.appcore.dll
0x00007ffe01c10000 - 0x00007ffe01c21000 	C:\Program Files\Android\Android Studio\jre\bin\verify.dll
0x00007ffe04e10000 - 0x00007ffe04ff4000 	C:\Windows\SYSTEM32\DBGHELP.DLL
0x00007ffdfed80000 - 0x00007ffdfedac000 	C:\Windows\SYSTEM32\dbgcore.DLL
0x00007ffe071b0000 - 0x00007ffe07232000 	C:\Windows\System32\bcryptPrimitives.dll
0x00007ffe01750000 - 0x00007ffe01779000 	C:\Program Files\Android\Android Studio\jre\bin\java.dll
0x00007ffe01c00000 - 0x00007ffe01c0b000 	C:\Program Files\Android\Android Studio\jre\bin\jimage.dll
0x00007ffe01810000 - 0x00007ffe01828000 	C:\Program Files\Android\Android Studio\jre\bin\zip.dll

dbghelp: loaded successfully - version: 4.0.5 - missing functions: none
symbol engine: initialized successfully - sym options: 0x614 - pdb path: .;C:\Program Files\Android\Android Studio\jre\bin;C:\Windows\SYSTEM32;C:\Windows\WinSxS\amd64_microsoft.windows.common-controls_6595b64144ccf1df_6.0.19041.1110_none_60b5254171f9507e;C:\Program Files\Android\Android Studio\jre\bin\server

VM Arguments:
java_command: <unknown>
java_class_path (initial): <not set>
Launcher Type: SUN_STANDARD

[Global flags]
     intx CICompilerCount                          = 3                                         {product} {ergonomic}
     uint ConcGCThreads                            = 1                                         {product} {ergonomic}
     uint G1ConcRefinementThreads                  = 4                                         {product} {ergonomic}
   size_t G1HeapRegionSize                         = 1048576                                   {product} {ergonomic}
    uintx GCDrainStackTargetSize                   = 64                                        {product} {ergonomic}
   size_t InitialHeapSize                          = 134217728                                 {product} {ergonomic}
   size_t MarkStackSize                            = 4194304                                   {product} {ergonomic}
   size_t MaxHeapSize                              = 2122317824                                {product} {ergonomic}
   size_t MinHeapDeltaBytes                        = 1048576                                   {product} {ergonomic}
    uintx NonNMethodCodeHeapSize                   = 5830732                                {pd product} {ergonomic}
    uintx NonProfiledCodeHeapSize                  = 122913754                              {pd product} {ergonomic}
    uintx ProfiledCodeHeapSize                     = 122913754                              {pd product} {ergonomic}
    uintx ReservedCodeCacheSize                    = 251658240                              {pd product} {ergonomic}
     bool SegmentedCodeCache                       = true                                      {product} {ergonomic}
     bool UseCompressedClassPointers               = true                                 {lp64_product} {ergonomic}
     bool UseCompressedOops                        = true                                 {lp64_product} {ergonomic}
     bool UseG1GC                                  = true                                      {product} {ergonomic}
     bool UseLargePagesIndividualAllocation        = false                                  {pd product} {ergonomic}

Logging:
Log output configuration:
 #0: stdout all=warning uptime,level,tags
 #1: stderr all=off uptime,level,tags

Environment Variables:
PATH=C:\Program Files (x86)\Common Files\Oracle\Java\javapath;C:\Program Files (x86)\Intel\iCLS Client\;C:\ProgramData\Oracle\Java\javapath;C:\Program Files\Intel\iCLS Client\;C:\Windows\system32;C:\Windows;C:\Windows\System32\Wbem;C:\Windows\System32\WindowsPowerShell\v1.0\;C:\Program Files (x86)\Intel\Intel(R) Management Engine Components\DAL;C:\Program Files\Intel\Intel(R) Management Engine Components\DAL;C:\Program Files (x86)\Intel\Intel(R) Management Engine Components\IPT;C:\Program Files\Intel\Intel(R) Management Engine Components\IPT;C:\Windows\System32\OpenSSH\;C:\Program Files\Intel\WiFi\bin\;C:\Program Files\Common Files\Intel\WirelessCommon\;C:\Program Files\Git\cmd;C:\Program Files\dotnet\;C:\flutter\bin;C:\Users\kranthi\AppData\Local\Programs\Microsoft VS Code\bin;C:\Users\kranthi\AppData\Local\Android\Sdk\platform-tools;;C:\flutter\bin\mingit\cmd
USERNAME=kranthi
OS=Windows_NT
PROCESSOR_IDENTIFIER=Intel64 Family 6 Model 142 Stepping 9, GenuineIntel



---------------  S Y S T E M  ---------------

OS: Windows 10 , 64 bit Build 19041 (10.0.19041.1889)
OS uptime: 14 days 17:54 hours

CPU:total 4 (initial active 4) (2 cores per cpu, 2 threads per core) family 6 model 142 stepping 9 microcode 0xb4, cmov, cx8, fxsr, mmx, sse, sse2, sse3, ssse3, sse4.1, sse4.2, popcnt, avx, avx2, aes, clmul, erms, 3dnowpref, lzcnt, ht, tsc, tscinvbit, bmi1, bmi2, adx, fma

Memory: 4k page, system-wide physical 8089M (242M free)
TotalPageFile size 32665M (AvailPageFile size 81M)
current process WorkingSet (physical memory assigned to process): 9M, peak: 9M
current process commit charge ("private bytes"): 51M, peak: 179M

vm_info: OpenJDK 64-Bit Server VM (11.0.12+7-b1504.28-7817840) for windows-amd64 JRE (11.0.12+7-b1504.28-7817840), built on Oct 13 2021 22:12:33 by "builder" with MS VC++ 14.0 (VS2015)

END.
