#
# There is insufficient memory for the Java Runtime Environment to continue.
# Native memory allocation (malloc) failed to allocate 547296 bytes for Chunk::new
# Possible reasons:
#   The system is out of physical RAM or swap space
#   The process is running with CompressedOops enabled, and the Java Heap may be blocking the growth of the native heap
# Possible solutions:
#   Reduce memory load on the system
#   Increase physical memory or swap space
#   Check if swap backing store is full
#   Decrease Java heap size (-Xmx/-Xms)
#   Decrease number of Java threads
#   Decrease Java thread stack sizes (-Xss)
#   Set larger code cache with -XX:ReservedCodeCacheSize=
#   JVM is running with Unscaled Compressed Oops mode in which the Java heap is
#     placed in the first 4GB address space. The Java Heap base address is the
#     maximum limit for the native heap growth. Please use -XX:HeapBaseMinAddress
#     to set the Java Heap base and to place the Java Heap above 4GB virtual address.
# This output file may be truncated or incomplete.
#
#  Out of Memory Error (./src/hotspot/share/memory/arena.cpp:197), pid=5412, tid=18244
#
# JRE version: OpenJDK Runtime Environment (11.0.12+7) (build 11.0.12+7-b1504.28-7817840)
# Java VM: OpenJDK 64-Bit Server VM (11.0.12+7-b1504.28-7817840, mixed mode, tiered, compressed oops, g1 gc, windows-amd64)
# No core dump will be written. Minidumps are not enabled by default on client versions of Windows
#

---------------  S U M M A R Y ------------

Command Line: --add-opens=java.base/java.util=ALL-UNNAMED --add-opens=java.base/java.lang=ALL-UNNAMED --add-opens=java.base/java.lang.invoke=ALL-UNNAMED --add-opens=java.base/java.util=ALL-UNNAMED --add-opens=java.prefs/java.util.prefs=ALL-UNNAMED --add-opens=java.prefs/java.util.prefs=ALL-UNNAMED --add-opens=java.base/java.nio.charset=ALL-UNNAMED --add-opens=java.base/java.net=ALL-UNNAMED --add-opens=java.base/java.util.concurrent.atomic=ALL-UNNAMED -Xmx1536M -Dfile.encoding=windows-1252 -Duser.country=US -Duser.language=en -Duser.variant org.gradle.launcher.daemon.bootstrap.GradleDaemon 7.4

Host: Intel(R) Core(TM) i7-7500U CPU @ 2.70GHz, 4 cores, 7G,  Windows 10 , 64 bit Build 19041 (10.0.19041.1889)
Time: Tue Sep 13 15:00:03 2022 India Standard Time elapsed time: 19.200975 seconds (0d 0h 0m 19s)

---------------  T H R E A D  ---------------

Current thread (0x000001d77eef5800):  JavaThread "C2 CompilerThread0" daemon [_thread_in_native, id=18244, stack(0x0000003f10700000,0x0000003f10800000)]


Current CompileTask:
C2:  19201 11639       4       java.lang.reflect.AccessibleObject::checkCanSetAccessible (386 bytes)

Stack: [0x0000003f10700000,0x0000003f10800000]
Native frames: (J=compiled Java code, j=interpreted, Vv=VM code, C=native code)
V  [jvm.dll+0x5fbcea]
V  [jvm.dll+0x731905]
V  [jvm.dll+0x732f1d]
V  [jvm.dll+0x7335d3]
V  [jvm.dll+0x247bf8]
V  [jvm.dll+0xc018c]
V  [jvm.dll+0xc06cc]
V  [jvm.dll+0x2bcc04]
V  [jvm.dll+0x5113a8]
V  [jvm.dll+0x208303]
V  [jvm.dll+0x201fe0]
V  [jvm.dll+0x1ff71f]
V  [jvm.dll+0x18868c]
V  [jvm.dll+0x20e0d7]
V  [jvm.dll+0x20c901]
V  [jvm.dll+0x6f9b7f]
V  [jvm.dll+0x6f26a5]
V  [jvm.dll+0x5fabf6]
C  [ucrtbase.dll+0x21bb2]
C  [KERNEL32.DLL+0x17034]
C  [ntdll.dll+0x52651]


---------------  P R O C E S S  ---------------

Threads class SMR info:
_java_thread_list=0x000001d71c65a8b0, length=86, elements={
0x000001d77c814800, 0x000001d77eeca800, 0x000001d77eecb800, 0x000001d77eeed800,
0x000001d77eeef000, 0x000001d77eef0000, 0x000001d77eef5800, 0x000001d77eefa000,
0x000001d77ef0b800, 0x000001d77f999000, 0x000001d717932800, 0x000001d716a9e800,
0x000001d717bc5000, 0x000001d716a0a800, 0x000001d717453800, 0x000001d717c1a000,
0x000001d717adc800, 0x000001d7175e2000, 0x000001d7175dd000, 0x000001d717e9e800,
0x000001d717e99800, 0x000001d717e9a800, 0x000001d717e9c000, 0x000001d717e9d000,
0x000001d717e9b000, 0x000001d717e9d800, 0x000001d717e99000, 0x000001d717e9f800,
0x000001d718411800, 0x000001d71840f000, 0x000001d71840d800, 0x000001d718412000,
0x000001d718414000, 0x000001d71840f800, 0x000001d718410800, 0x000001d71873f800,
0x000001d718743800, 0x000001d71873e000, 0x000001d718742000, 0x000001d718743000,
0x000001d718741000, 0x000001d718744800, 0x000001d71873e800, 0x000001d718745000,
0x000001d718746000, 0x000001d718740800, 0x000001d71874c000, 0x000001d718748800,
0x000001d718749800, 0x000001d718747800, 0x000001d71874a000, 0x000001d71874c800,
0x000001d718747000, 0x000001d71874b000, 0x000001d716ec8000, 0x000001d716eca800,
0x000001d716ec5000, 0x000001d716ec6800, 0x000001d716ec7800, 0x000001d716ec9000,
0x000001d716eca000, 0x000001d716ecb800, 0x000001d716ec5800, 0x000001d716ecf800,
0x000001d716ed2000, 0x000001d716ece800, 0x000001d716ecc000, 0x000001d716ed3000,
0x000001d716ecd000, 0x000001d716ed3800, 0x000001d716ed0800, 0x000001d716ed1000,
0x000001d716ece000, 0x000001d7187a9000, 0x000001d7187a7800, 0x000001d7187ab800,
0x000001d7187a6000, 0x000001d7187a8800, 0x000001d7187aa000, 0x000001d7187ac800,
0x000001d7187aa800, 0x000001d7187a6800, 0x000001d7187b1800, 0x000001d7187b0800,
0x000001d7187ae000, 0x000001d7187b2000
}

Java Threads: ( => current thread )
  0x000001d77c814800 JavaThread "main" [_thread_blocked, id=13812, stack(0x0000003f0fb00000,0x0000003f0fc00000)]
  0x000001d77eeca800 JavaThread "Reference Handler" daemon [_thread_blocked, id=4736, stack(0x0000003f10200000,0x0000003f10300000)]
  0x000001d77eecb800 JavaThread "Finalizer" daemon [_thread_blocked, id=16960, stack(0x0000003f10300000,0x0000003f10400000)]
  0x000001d77eeed800 JavaThread "Signal Dispatcher" daemon [_thread_blocked, id=18460, stack(0x0000003f10400000,0x0000003f10500000)]
  0x000001d77eeef000 JavaThread "Attach Listener" daemon [_thread_blocked, id=12052, stack(0x0000003f10500000,0x0000003f10600000)]
  0x000001d77eef0000 JavaThread "Service Thread" daemon [_thread_blocked, id=23784, stack(0x0000003f10600000,0x0000003f10700000)]
=>0x000001d77eef5800 JavaThread "C2 CompilerThread0" daemon [_thread_in_native, id=18244, stack(0x0000003f10700000,0x0000003f10800000)]
  0x000001d77eefa000 JavaThread "C1 CompilerThread0" daemon [_thread_blocked, id=20112, stack(0x0000003f10800000,0x0000003f10900000)]
  0x000001d77ef0b800 JavaThread "Sweeper thread" daemon [_thread_blocked, id=1796, stack(0x0000003f10900000,0x0000003f10a00000)]
  0x000001d77f999000 JavaThread "Common-Cleaner" daemon [_thread_blocked, id=21540, stack(0x0000003f10a00000,0x0000003f10b00000)]
  0x000001d717932800 JavaThread "Daemon health stats" [_thread_blocked, id=21460, stack(0x0000003f10e00000,0x0000003f10f00000)]
  0x000001d716a9e800 JavaThread "Incoming local TCP Connector on port 55348" [_thread_in_native, id=15240, stack(0x0000003f10f00000,0x0000003f11000000)]
  0x000001d717bc5000 JavaThread "Daemon periodic checks" [_thread_blocked, id=29156, stack(0x0000003f11000000,0x0000003f11100000)]
  0x000001d716a0a800 JavaThread "Daemon" [_thread_blocked, id=23360, stack(0x0000003f11100000,0x0000003f11200000)]
  0x000001d717453800 JavaThread "Handler for socket connection from /127.0.0.1:55348 to /127.0.0.1:55349" [_thread_in_native, id=28572, stack(0x0000003f11200000,0x0000003f11300000)]
  0x000001d717c1a000 JavaThread "Cancel handler" [_thread_blocked, id=14668, stack(0x0000003f11300000,0x0000003f11400000)]
  0x000001d717adc800 JavaThread "Daemon worker" [_thread_blocked, id=21376, stack(0x0000003f11400000,0x0000003f11500000)]
  0x000001d7175e2000 JavaThread "Asynchronous log dispatcher for DefaultDaemonConnection: socket connection from /127.0.0.1:55348 to /127.0.0.1:55349" [_thread_blocked, id=18944, stack(0x0000003f11500000,0x0000003f11600000)]
  0x000001d7175dd000 JavaThread "Stdin handler" [_thread_blocked, id=23608, stack(0x0000003f11600000,0x0000003f11700000)]
  0x000001d717e9e800 JavaThread "Daemon client event forwarder" [_thread_blocked, id=15268, stack(0x0000003f11700000,0x0000003f11800000)]
  0x000001d717e99800 JavaThread "Cache worker for journal cache (C:\Users\kranthi\.gradle\caches\journal-1)" [_thread_blocked, id=12776, stack(0x0000003f11900000,0x0000003f11a00000)]
  0x000001d717e9a800 JavaThread "File lock request listener" [_thread_in_native, id=24060, stack(0x0000003f11a00000,0x0000003f11b00000)]
  0x000001d717e9c000 JavaThread "Cache worker for file hash cache (C:\Users\kranthi\.gradle\caches\7.4\fileHashes)" [_thread_blocked, id=21620, stack(0x0000003f11b00000,0x0000003f11c00000)]
  0x000001d717e9d000 JavaThread "File watcher server" daemon [_thread_in_native, id=8896, stack(0x0000003f11c00000,0x0000003f11d00000)]
  0x000001d717e9b000 JavaThread "File watcher consumer" daemon [_thread_blocked, id=25052, stack(0x0000003f11d00000,0x0000003f11e00000)]
  0x000001d717e9d800 JavaThread "Cache worker for checksums cache (C:\Users\kranthi\StudioProjects\NohungRider\android\.gradle\7.4\checksums)" [_thread_blocked, id=24380, stack(0x0000003f11e00000,0x0000003f11f00000)]
  0x000001d717e99000 JavaThread "Cache worker for cache directory md-rule (C:\Users\kranthi\.gradle\caches\7.4\md-rule)" [_thread_blocked, id=27140, stack(0x0000003f11f00000,0x0000003f12000000)]
  0x000001d717e9f800 JavaThread "Cache worker for file hash cache (C:\Users\kranthi\StudioProjects\NohungRider\android\.gradle\7.4\fileHashes)" [_thread_blocked, id=19020, stack(0x0000003f12000000,0x0000003f12100000)]
  0x000001d718411800 JavaThread "Cache worker for cache directory md-supplier (C:\Users\kranthi\.gradle\caches\7.4\md-supplier)" [_thread_blocked, id=2144, stack(0x0000003f12100000,0x0000003f12200000)]
  0x000001d71840f000 JavaThread "Cache worker for execution history cache (C:\Users\kranthi\.gradle\caches\7.4\executionHistory)" [_thread_blocked, id=13972, stack(0x0000003f12200000,0x0000003f12300000)]
  0x000001d71840d800 JavaThread "jar transforms" [_thread_blocked, id=27068, stack(0x0000003f12300000,0x0000003f12400000)]
  0x000001d718412000 JavaThread "jar transforms Thread 2" [_thread_blocked, id=24256, stack(0x0000003f12400000,0x0000003f12500000)]
  0x000001d718414000 JavaThread "Cache worker for file content cache (C:\Users\kranthi\.gradle\caches\7.4\fileContent)" [_thread_blocked, id=23516, stack(0x0000003f12500000,0x0000003f12600000)]
  0x000001d71840f800 JavaThread "Cache worker for dependencies-accessors (C:\Users\kranthi\StudioProjects\NohungRider\android\.gradle\7.4\dependencies-accessors)" [_thread_blocked, id=29536, stack(0x0000003f12600000,0x0000003f12700000)]
  0x000001d718410800 JavaThread "jar transforms Thread 3" [_thread_blocked, id=19672, stack(0x0000003f12700000,0x0000003f12800000)]
  0x000001d71873f800 JavaThread "Cache worker for Build Output Cleanup Cache (C:\Users\kranthi\StudioProjects\NohungRider\android\.gradle\buildOutputCleanup)" [_thread_blocked, id=14288, stack(0x0000003f12800000,0x0000003f12900000)]
  0x000001d718743800 JavaThread "Unconstrained build operations" [_thread_blocked, id=19724, stack(0x0000003f12900000,0x0000003f12a00000)]
  0x000001d71873e000 JavaThread "Unconstrained build operations Thread 2" [_thread_blocked, id=28936, stack(0x0000003f12a00000,0x0000003f12b00000)]
  0x000001d718742000 JavaThread "Unconstrained build operations Thread 3" [_thread_blocked, id=24268, stack(0x0000003f12b00000,0x0000003f12c00000)]
  0x000001d718743000 JavaThread "Unconstrained build operations Thread 4" [_thread_blocked, id=27480, stack(0x0000003f12c00000,0x0000003f12d00000)]
  0x000001d718741000 JavaThread "Unconstrained build operations Thread 5" [_thread_blocked, id=4792, stack(0x0000003f12d00000,0x0000003f12e00000)]
  0x000001d718744800 JavaThread "Unconstrained build operations Thread 6" [_thread_blocked, id=29660, stack(0x0000003f12e00000,0x0000003f12f00000)]
  0x000001d71873e800 JavaThread "Unconstrained build operations Thread 7" [_thread_blocked, id=10220, stack(0x0000003f12f00000,0x0000003f13000000)]
  0x000001d718745000 JavaThread "Unconstrained build operations Thread 8" [_thread_blocked, id=18000, stack(0x0000003f13000000,0x0000003f13100000)]
  0x000001d718746000 JavaThread "Unconstrained build operations Thread 9" [_thread_blocked, id=16508, stack(0x0000003f13100000,0x0000003f13200000)]
  0x000001d718740800 JavaThread "Unconstrained build operations Thread 10" [_thread_blocked, id=4476, stack(0x0000003f13200000,0x0000003f13300000)]
  0x000001d71874c000 JavaThread "Unconstrained build operations Thread 11" [_thread_blocked, id=19632, stack(0x0000003f13300000,0x0000003f13400000)]
  0x000001d718748800 JavaThread "Unconstrained build operations Thread 12" [_thread_blocked, id=24872, stack(0x0000003f13400000,0x0000003f13500000)]
  0x000001d718749800 JavaThread "Unconstrained build operations Thread 13" [_thread_blocked, id=27224, stack(0x0000003f13500000,0x0000003f13600000)]
  0x000001d718747800 JavaThread "Unconstrained build operations Thread 14" [_thread_blocked, id=3276, stack(0x0000003f13600000,0x0000003f13700000)]
  0x000001d71874a000 JavaThread "Unconstrained build operations Thread 15" [_thread_blocked, id=24096, stack(0x0000003f13700000,0x0000003f13800000)]
  0x000001d71874c800 JavaThread "Unconstrained build operations Thread 16" [_thread_blocked, id=9764, stack(0x0000003f13800000,0x0000003f13900000)]
  0x000001d718747000 JavaThread "Unconstrained build operations Thread 17" [_thread_blocked, id=20144, stack(0x0000003f13900000,0x0000003f13a00000)]
  0x000001d71874b000 JavaThread "Unconstrained build operations Thread 18" [_thread_blocked, id=24988, stack(0x0000003f13a00000,0x0000003f13b00000)]
  0x000001d716ec8000 JavaThread "Unconstrained build operations Thread 19" [_thread_blocked, id=16132, stack(0x0000003f13b00000,0x0000003f13c00000)]
  0x000001d716eca800 JavaThread "Unconstrained build operations Thread 20" [_thread_blocked, id=25980, stack(0x0000003f13c00000,0x0000003f13d00000)]
  0x000001d716ec5000 JavaThread "Unconstrained build operations Thread 21" [_thread_blocked, id=11616, stack(0x0000003f13d00000,0x0000003f13e00000)]
  0x000001d716ec6800 JavaThread "Unconstrained build operations Thread 22" [_thread_blocked, id=8296, stack(0x0000003f13e00000,0x0000003f13f00000)]
  0x000001d716ec7800 JavaThread "Unconstrained build operations Thread 23" [_thread_blocked, id=8396, stack(0x0000003f13f00000,0x0000003f14000000)]
  0x000001d716ec9000 JavaThread "Unconstrained build operations Thread 24" [_thread_blocked, id=10992, stack(0x0000003f14000000,0x0000003f14100000)]
  0x000001d716eca000 JavaThread "Unconstrained build operations Thread 25" [_thread_blocked, id=26364, stack(0x0000003f14100000,0x0000003f14200000)]
  0x000001d716ecb800 JavaThread "Unconstrained build operations Thread 26" [_thread_blocked, id=17164, stack(0x0000003f14200000,0x0000003f14300000)]
  0x000001d716ec5800 JavaThread "Unconstrained build operations Thread 27" [_thread_blocked, id=26292, stack(0x0000003f14300000,0x0000003f14400000)]
  0x000001d716ecf800 JavaThread "Unconstrained build operations Thread 28" [_thread_blocked, id=16440, stack(0x0000003f14400000,0x0000003f14500000)]
  0x000001d716ed2000 JavaThread "Unconstrained build operations Thread 29" [_thread_blocked, id=22056, stack(0x0000003f14500000,0x0000003f14600000)]
  0x000001d716ece800 JavaThread "Unconstrained build operations Thread 30" [_thread_blocked, id=24876, stack(0x0000003f14600000,0x0000003f14700000)]
  0x000001d716ecc000 JavaThread "Unconstrained build operations Thread 31" [_thread_blocked, id=19016, stack(0x0000003f14700000,0x0000003f14800000)]
  0x000001d716ed3000 JavaThread "Unconstrained build operations Thread 32" [_thread_blocked, id=10616, stack(0x0000003f14800000,0x0000003f14900000)]
  0x000001d716ecd000 JavaThread "Unconstrained build operations Thread 33" [_thread_blocked, id=1096, stack(0x0000003f14900000,0x0000003f14a00000)]
  0x000001d716ed3800 JavaThread "Unconstrained build operations Thread 34" [_thread_blocked, id=18656, stack(0x0000003f14a00000,0x0000003f14b00000)]
  0x000001d716ed0800 JavaThread "Unconstrained build operations Thread 35" [_thread_blocked, id=17780, stack(0x0000003f14b00000,0x0000003f14c00000)]
  0x000001d716ed1000 JavaThread "Unconstrained build operations Thread 36" [_thread_blocked, id=25720, stack(0x0000003f14c00000,0x0000003f14d00000)]
  0x000001d716ece000 JavaThread "Unconstrained build operations Thread 37" [_thread_blocked, id=11828, stack(0x0000003f14d00000,0x0000003f14e00000)]
  0x000001d7187a9000 JavaThread "Unconstrained build operations Thread 38" [_thread_blocked, id=28000, stack(0x0000003f14e00000,0x0000003f14f00000)]
  0x000001d7187a7800 JavaThread "Unconstrained build operations Thread 39" [_thread_blocked, id=17312, stack(0x0000003f14f00000,0x0000003f15000000)]
  0x000001d7187ab800 JavaThread "Unconstrained build operations Thread 40" [_thread_blocked, id=21924, stack(0x0000003f15000000,0x0000003f15100000)]
  0x000001d7187a6000 JavaThread "jar transforms Thread 4" [_thread_blocked, id=28460, stack(0x0000003f15100000,0x0000003f15200000)]
  0x000001d7187a8800 JavaThread "Memory manager" [_thread_blocked, id=29252, stack(0x0000003f15200000,0x0000003f15300000)]
  0x000001d7187aa000 JavaThread "included builds" [_thread_blocked, id=22060, stack(0x0000003f15400000,0x0000003f15500000)]
  0x000001d7187ac800 JavaThread "Execution worker for ':'" [_thread_blocked, id=29564, stack(0x0000003f15500000,0x0000003f15600000)]
  0x000001d7187aa800 JavaThread "Execution worker for ':' Thread 2" [_thread_blocked, id=7040, stack(0x0000003f15600000,0x0000003f15700000)]
  0x000001d7187a6800 JavaThread "Execution worker for ':' Thread 3" [_thread_blocked, id=2932, stack(0x0000003f15700000,0x0000003f15800000)]
  0x000001d7187b1800 JavaThread "Cache worker for execution history cache (C:\Users\kranthi\StudioProjects\NohungRider\android\.gradle\7.4\executionHistory)" [_thread_blocked, id=24184, stack(0x0000003f15800000,0x0000003f15900000)]
  0x000001d7187b0800 JavaThread "Exec process" [_thread_in_native, id=10204, stack(0x0000003f15900000,0x0000003f15a00000)]
  0x000001d7187ae000 JavaThread "Exec process Thread 2" [_thread_in_native, id=15824, stack(0x0000003f15a00000,0x0000003f15b00000)]
  0x000001d7187b2000 JavaThread "Exec process Thread 3" [_thread_in_native, id=9060, stack(0x0000003f15b00000,0x0000003f15c00000)]

Other Threads:
  0x000001d77eea3800 VMThread "VM Thread" [stack: 0x0000003f10100000,0x0000003f10200000] [id=12200]
  0x000001d77f9ca800 WatcherThread [stack: 0x0000003f10b00000,0x0000003f10c00000] [id=9736]
  0x000001d77c829800 GCTaskThread "GC Thread#0" [stack: 0x0000003f0fc00000,0x0000003f0fd00000] [id=7328]
  0x000001d7167f9800 GCTaskThread "GC Thread#1" [stack: 0x0000003f10c00000,0x0000003f10d00000] [id=16800]
  0x000001d7162be800 GCTaskThread "GC Thread#2" [stack: 0x0000003f10d00000,0x0000003f10e00000] [id=23472]
  0x000001d7174cf800 GCTaskThread "GC Thread#3" [stack: 0x0000003f11800000,0x0000003f11900000] [id=21468]
  0x000001d77c84e800 ConcurrentGCThread "G1 Main Marker" [stack: 0x0000003f0fd00000,0x0000003f0fe00000] [id=12088]
  0x000001d77c850000 ConcurrentGCThread "G1 Conc#0" [stack: 0x0000003f0fe00000,0x0000003f0ff00000] [id=25000]
  0x000001d77c8de000 ConcurrentGCThread "G1 Refine#0" [stack: 0x0000003f0ff00000,0x0000003f10000000] [id=28996]
  0x000001d77c8df000 ConcurrentGCThread "G1 Young RemSet Sampling" [stack: 0x0000003f10000000,0x0000003f10100000] [id=25368]

Threads with active compile tasks:
C2 CompilerThread0  19239 11639       4       java.lang.reflect.AccessibleObject::checkCanSetAccessible (386 bytes)

VM state:not at safepoint (normal execution)

VM Mutex/Monitor currently owned by a thread: None

Heap address: 0x00000000a0000000, size: 1536 MB, Compressed Oops mode: 32-bit
Narrow klass base: 0x0000000000000000, Narrow klass shift: 3
Compressed class space size: 1073741824 Address: 0x0000000100000000

Heap:
 garbage-first heap   total 227328K, used 175104K [0x00000000a0000000, 0x0000000100000000)
  region size 1024K, 57 young (58368K), 9 survivors (9216K)
 Metaspace       used 87851K, capacity 91673K, committed 91904K, reserved 1128448K
  class space    used 11561K, capacity 12800K, committed 12876K, reserved 1048576K
Heap Regions: E=young(eden), S=young(survivor), O=old, HS=humongous(starts), HC=humongous(continues), CS=collection set, F=free, A=archive, TAMS=top-at-mark-start (previous, next)
|   0|0x00000000a0000000, 0x00000000a0100000, 0x00000000a0100000|100%|HS|  |TAMS 0x00000000a0100000, 0x00000000a0000000| Complete 
|   1|0x00000000a0100000, 0x00000000a0200000, 0x00000000a0200000|100%|HC|  |TAMS 0x00000000a0200000, 0x00000000a0100000| Complete 
|   2|0x00000000a0200000, 0x00000000a0300000, 0x00000000a0300000|100%|HC|  |TAMS 0x00000000a0300000, 0x00000000a0200000| Complete 
|   3|0x00000000a0300000, 0x00000000a0400000, 0x00000000a0400000|100%| O|  |TAMS 0x00000000a0400000, 0x00000000a0300000| Untracked 
|   4|0x00000000a0400000, 0x00000000a0500000, 0x00000000a0500000|100%| O|  |TAMS 0x00000000a0500000, 0x00000000a0400000| Untracked 
|   5|0x00000000a0500000, 0x00000000a0600000, 0x00000000a0600000|100%| O|  |TAMS 0x00000000a0600000, 0x00000000a0500000| Untracked 
|   6|0x00000000a0600000, 0x00000000a0700000, 0x00000000a0700000|100%| O|  |TAMS 0x00000000a0700000, 0x00000000a0600000| Untracked 
|   7|0x00000000a0700000, 0x00000000a0800000, 0x00000000a0800000|100%| O|  |TAMS 0x00000000a0800000, 0x00000000a0700000| Untracked 
|   8|0x00000000a0800000, 0x00000000a0900000, 0x00000000a0900000|100%| O|  |TAMS 0x00000000a0900000, 0x00000000a0800000| Untracked 
|   9|0x00000000a0900000, 0x00000000a0a00000, 0x00000000a0a00000|100%| O|  |TAMS 0x00000000a0a00000, 0x00000000a0900000| Untracked 
|  10|0x00000000a0a00000, 0x00000000a0b00000, 0x00000000a0b00000|100%| O|  |TAMS 0x00000000a0b00000, 0x00000000a0a00000| Untracked 
|  11|0x00000000a0b00000, 0x00000000a0c00000, 0x00000000a0c00000|100%| O|  |TAMS 0x00000000a0c00000, 0x00000000a0b00000| Untracked 
|  12|0x00000000a0c00000, 0x00000000a0d00000, 0x00000000a0d00000|100%| O|  |TAMS 0x00000000a0d00000, 0x00000000a0c00000| Untracked 
|  13|0x00000000a0d00000, 0x00000000a0e00000, 0x00000000a0e00000|100%| O|  |TAMS 0x00000000a0e00000, 0x00000000a0d00000| Untracked 
|  14|0x00000000a0e00000, 0x00000000a0f00000, 0x00000000a0f00000|100%| O|  |TAMS 0x00000000a0f00000, 0x00000000a0e00000| Untracked 
|  15|0x00000000a0f00000, 0x00000000a1000000, 0x00000000a1000000|100%| O|  |TAMS 0x00000000a1000000, 0x00000000a0f00000| Untracked 
|  16|0x00000000a1000000, 0x00000000a1100000, 0x00000000a1100000|100%| O|  |TAMS 0x00000000a1100000, 0x00000000a1000000| Untracked 
|  17|0x00000000a1100000, 0x00000000a1200000, 0x00000000a1200000|100%|HS|  |TAMS 0x00000000a1200000, 0x00000000a1100000| Complete 
|  18|0x00000000a1200000, 0x00000000a1300000, 0x00000000a1300000|100%| O|  |TAMS 0x00000000a1300000, 0x00000000a1200000| Untracked 
|  19|0x00000000a1300000, 0x00000000a1400000, 0x00000000a1400000|100%| O|  |TAMS 0x00000000a1400000, 0x00000000a1300000| Untracked 
|  20|0x00000000a1400000, 0x00000000a1500000, 0x00000000a1500000|100%| O|  |TAMS 0x00000000a1500000, 0x00000000a1400000| Untracked 
|  21|0x00000000a1500000, 0x00000000a1600000, 0x00000000a1600000|100%| O|  |TAMS 0x00000000a1600000, 0x00000000a1500000| Untracked 
|  22|0x00000000a1600000, 0x00000000a1700000, 0x00000000a1700000|100%| O|  |TAMS 0x00000000a1700000, 0x00000000a1600000| Untracked 
|  23|0x00000000a1700000, 0x00000000a1800000, 0x00000000a1800000|100%| O|  |TAMS 0x00000000a1800000, 0x00000000a1700000| Untracked 
|  24|0x00000000a1800000, 0x00000000a1900000, 0x00000000a1900000|100%|HS|  |TAMS 0x00000000a1900000, 0x00000000a1800000| Complete 
|  25|0x00000000a1900000, 0x00000000a1a00000, 0x00000000a1a00000|100%|HS|  |TAMS 0x00000000a1a00000, 0x00000000a1900000| Complete 
|  26|0x00000000a1a00000, 0x00000000a1b00000, 0x00000000a1b00000|100%|HC|  |TAMS 0x00000000a1b00000, 0x00000000a1a00000| Complete 
|  27|0x00000000a1b00000, 0x00000000a1c00000, 0x00000000a1c00000|100%|HC|  |TAMS 0x00000000a1c00000, 0x00000000a1b00000| Complete 
|  28|0x00000000a1c00000, 0x00000000a1d00000, 0x00000000a1d00000|100%|HS|  |TAMS 0x00000000a1d00000, 0x00000000a1c00000| Complete 
|  29|0x00000000a1d00000, 0x00000000a1e00000, 0x00000000a1e00000|100%|HC|  |TAMS 0x00000000a1e00000, 0x00000000a1d00000| Complete 
|  30|0x00000000a1e00000, 0x00000000a1f00000, 0x00000000a1f00000|100%| O|  |TAMS 0x00000000a1f00000, 0x00000000a1e00000| Untracked 
|  31|0x00000000a1f00000, 0x00000000a2000000, 0x00000000a2000000|100%| O|  |TAMS 0x00000000a2000000, 0x00000000a1f00000| Untracked 
|  32|0x00000000a2000000, 0x00000000a2100000, 0x00000000a2100000|100%| O|  |TAMS 0x00000000a2100000, 0x00000000a2000000| Untracked 
|  33|0x00000000a2100000, 0x00000000a2200000, 0x00000000a2200000|100%| O|  |TAMS 0x00000000a2200000, 0x00000000a2100000| Untracked 
|  34|0x00000000a2200000, 0x00000000a2300000, 0x00000000a2300000|100%| O|  |TAMS 0x00000000a2300000, 0x00000000a2200000| Untracked 
|  35|0x00000000a2300000, 0x00000000a2400000, 0x00000000a2400000|100%| O|  |TAMS 0x00000000a2400000, 0x00000000a2300000| Untracked 
|  36|0x00000000a2400000, 0x00000000a2500000, 0x00000000a2500000|100%| O|  |TAMS 0x00000000a2500000, 0x00000000a2400000| Untracked 
|  37|0x00000000a2500000, 0x00000000a2600000, 0x00000000a2600000|100%| O|  |TAMS 0x00000000a2600000, 0x00000000a2500000| Untracked 
|  38|0x00000000a2600000, 0x00000000a2700000, 0x00000000a2700000|100%| O|  |TAMS 0x00000000a2700000, 0x00000000a2600000| Untracked 
|  39|0x00000000a2700000, 0x00000000a2800000, 0x00000000a2800000|100%| O|  |TAMS 0x00000000a2800000, 0x00000000a2700000| Untracked 
|  40|0x00000000a2800000, 0x00000000a2900000, 0x00000000a2900000|100%| O|  |TAMS 0x00000000a2900000, 0x00000000a2800000| Untracked 
|  41|0x00000000a2900000, 0x00000000a2a00000, 0x00000000a2a00000|100%| O|  |TAMS 0x00000000a2a00000, 0x00000000a2900000| Untracked 
|  42|0x00000000a2a00000, 0x00000000a2b00000, 0x00000000a2b00000|100%| O|  |TAMS 0x00000000a2b00000, 0x00000000a2a00000| Untracked 
|  43|0x00000000a2b00000, 0x00000000a2c00000, 0x00000000a2c00000|100%| O|  |TAMS 0x00000000a2c00000, 0x00000000a2b00000| Untracked 
|  44|0x00000000a2c00000, 0x00000000a2d00000, 0x00000000a2d00000|100%| O|  |TAMS 0x00000000a2d00000, 0x00000000a2c00000| Untracked 
|  45|0x00000000a2d00000, 0x00000000a2e00000, 0x00000000a2e00000|100%| O|  |TAMS 0x00000000a2e00000, 0x00000000a2d00000| Untracked 
|  46|0x00000000a2e00000, 0x00000000a2f00000, 0x00000000a2f00000|100%| O|  |TAMS 0x00000000a2f00000, 0x00000000a2e00000| Untracked 
|  47|0x00000000a2f00000, 0x00000000a3000000, 0x00000000a3000000|100%| O|  |TAMS 0x00000000a3000000, 0x00000000a2f00000| Untracked 
|  48|0x00000000a3000000, 0x00000000a3100000, 0x00000000a3100000|100%| O|  |TAMS 0x00000000a3100000, 0x00000000a3000000| Untracked 
|  49|0x00000000a3100000, 0x00000000a3200000, 0x00000000a3200000|100%| O|  |TAMS 0x00000000a3200000, 0x00000000a3100000| Untracked 
|  50|0x00000000a3200000, 0x00000000a3300000, 0x00000000a3300000|100%| O|  |TAMS 0x00000000a3300000, 0x00000000a3200000| Untracked 
|  51|0x00000000a3300000, 0x00000000a3400000, 0x00000000a3400000|100%| O|  |TAMS 0x00000000a3400000, 0x00000000a3300000| Untracked 
|  52|0x00000000a3400000, 0x00000000a3500000, 0x00000000a3500000|100%| O|  |TAMS 0x00000000a3500000, 0x00000000a3400000| Untracked 
|  53|0x00000000a3500000, 0x00000000a3600000, 0x00000000a3600000|100%| O|  |TAMS 0x00000000a3600000, 0x00000000a3500000| Untracked 
|  54|0x00000000a3600000, 0x00000000a3700000, 0x00000000a3700000|100%| O|  |TAMS 0x00000000a3700000, 0x00000000a3600000| Untracked 
|  55|0x00000000a3700000, 0x00000000a3800000, 0x00000000a3800000|100%| O|  |TAMS 0x00000000a3800000, 0x00000000a3700000| Untracked 
|  56|0x00000000a3800000, 0x00000000a3900000, 0x00000000a3900000|100%| O|  |TAMS 0x00000000a3900000, 0x00000000a3800000| Untracked 
|  57|0x00000000a3900000, 0x00000000a3a00000, 0x00000000a3a00000|100%| O|  |TAMS 0x00000000a3a00000, 0x00000000a3900000| Untracked 
|  58|0x00000000a3a00000, 0x00000000a3b00000, 0x00000000a3b00000|100%| O|  |TAMS 0x00000000a3b00000, 0x00000000a3a00000| Untracked 
|  59|0x00000000a3b00000, 0x00000000a3c00000, 0x00000000a3c00000|100%| O|  |TAMS 0x00000000a3c00000, 0x00000000a3b00000| Untracked 
|  60|0x00000000a3c00000, 0x00000000a3d00000, 0x00000000a3d00000|100%| O|  |TAMS 0x00000000a3d00000, 0x00000000a3c00000| Untracked 
|  61|0x00000000a3d00000, 0x00000000a3e00000, 0x00000000a3e00000|100%| O|  |TAMS 0x00000000a3e00000, 0x00000000a3d00000| Untracked 
|  62|0x00000000a3e00000, 0x00000000a3f00000, 0x00000000a3f00000|100%| O|  |TAMS 0x00000000a3f00000, 0x00000000a3e00000| Untracked 
|  63|0x00000000a3f00000, 0x00000000a4000000, 0x00000000a4000000|100%|HS|  |TAMS 0x00000000a4000000, 0x00000000a3f00000| Complete 
|  64|0x00000000a4000000, 0x00000000a4100000, 0x00000000a4100000|100%|HS|  |TAMS 0x00000000a4100000, 0x00000000a4000000| Complete 
|  65|0x00000000a4100000, 0x00000000a4200000, 0x00000000a4200000|100%|HS|  |TAMS 0x00000000a4200000, 0x00000000a4100000| Complete 
|  66|0x00000000a4200000, 0x00000000a4300000, 0x00000000a4300000|100%|HC|  |TAMS 0x00000000a4300000, 0x00000000a4200000| Complete 
|  67|0x00000000a4300000, 0x00000000a4400000, 0x00000000a4400000|100%| O|  |TAMS 0x00000000a4400000, 0x00000000a4300000| Untracked 
|  68|0x00000000a4400000, 0x00000000a4500000, 0x00000000a4500000|100%| O|  |TAMS 0x00000000a4500000, 0x00000000a4400000| Untracked 
|  69|0x00000000a4500000, 0x00000000a4600000, 0x00000000a4600000|100%| O|  |TAMS 0x00000000a4600000, 0x00000000a4500000| Untracked 
|  70|0x00000000a4600000, 0x00000000a4700000, 0x00000000a4700000|100%| O|  |TAMS 0x00000000a4700000, 0x00000000a4600000| Untracked 
|  71|0x00000000a4700000, 0x00000000a4800000, 0x00000000a4800000|100%| O|  |TAMS 0x00000000a4800000, 0x00000000a4700000| Untracked 
|  72|0x00000000a4800000, 0x00000000a4900000, 0x00000000a4900000|100%| O|  |TAMS 0x00000000a4900000, 0x00000000a4800000| Untracked 
|  73|0x00000000a4900000, 0x00000000a4a00000, 0x00000000a4a00000|100%|HS|  |TAMS 0x00000000a4a00000, 0x00000000a4900000| Complete 
|  74|0x00000000a4a00000, 0x00000000a4b00000, 0x00000000a4b00000|100%|HC|  |TAMS 0x00000000a4b00000, 0x00000000a4a00000| Complete 
|  75|0x00000000a4b00000, 0x00000000a4c00000, 0x00000000a4c00000|100%|HC|  |TAMS 0x00000000a4c00000, 0x00000000a4b00000| Complete 
|  76|0x00000000a4c00000, 0x00000000a4d00000, 0x00000000a4d00000|100%| O|  |TAMS 0x00000000a4d00000, 0x00000000a4c00000| Untracked 
|  77|0x00000000a4d00000, 0x00000000a4e00000, 0x00000000a4e00000|100%| O|  |TAMS 0x00000000a4e00000, 0x00000000a4d00000| Untracked 
|  78|0x00000000a4e00000, 0x00000000a4f00000, 0x00000000a4f00000|100%| O|  |TAMS 0x00000000a4f00000, 0x00000000a4e00000| Untracked 
|  79|0x00000000a4f00000, 0x00000000a5000000, 0x00000000a5000000|100%| O|  |TAMS 0x00000000a5000000, 0x00000000a4f00000| Untracked 
|  80|0x00000000a5000000, 0x00000000a5100000, 0x00000000a5100000|100%| O|  |TAMS 0x00000000a5100000, 0x00000000a5000000| Untracked 
|  81|0x00000000a5100000, 0x00000000a5200000, 0x00000000a5200000|100%| O|  |TAMS 0x00000000a5200000, 0x00000000a5100000| Untracked 
|  82|0x00000000a5200000, 0x00000000a5300000, 0x00000000a5300000|100%| O|  |TAMS 0x00000000a5300000, 0x00000000a5200000| Untracked 
|  83|0x00000000a5300000, 0x00000000a5400000, 0x00000000a5400000|100%| O|  |TAMS 0x00000000a5400000, 0x00000000a5300000| Untracked 
|  84|0x00000000a5400000, 0x00000000a5500000, 0x00000000a5500000|100%| O|  |TAMS 0x00000000a5500000, 0x00000000a5400000| Untracked 
|  85|0x00000000a5500000, 0x00000000a5600000, 0x00000000a5600000|100%| O|  |TAMS 0x00000000a5600000, 0x00000000a5500000| Untracked 
|  86|0x00000000a5600000, 0x00000000a5700000, 0x00000000a5700000|100%| O|  |TAMS 0x00000000a5700000, 0x00000000a5600000| Untracked 
|  87|0x00000000a5700000, 0x00000000a5800000, 0x00000000a5800000|100%| O|  |TAMS 0x00000000a5800000, 0x00000000a5700000| Untracked 
|  88|0x00000000a5800000, 0x00000000a5900000, 0x00000000a5900000|100%| O|  |TAMS 0x00000000a5900000, 0x00000000a5800000| Untracked 
|  89|0x00000000a5900000, 0x00000000a5a00000, 0x00000000a5a00000|100%| O|  |TAMS 0x00000000a5a00000, 0x00000000a5900000| Untracked 
|  90|0x00000000a5a00000, 0x00000000a5b00000, 0x00000000a5b00000|100%| O|  |TAMS 0x00000000a5b00000, 0x00000000a5a00000| Untracked 
|  91|0x00000000a5b00000, 0x00000000a5c00000, 0x00000000a5c00000|100%| O|  |TAMS 0x00000000a5c00000, 0x00000000a5b00000| Untracked 
|  92|0x00000000a5c00000, 0x00000000a5d00000, 0x00000000a5d00000|100%| O|  |TAMS 0x00000000a5d00000, 0x00000000a5c00000| Untracked 
|  93|0x00000000a5d00000, 0x00000000a5e00000, 0x00000000a5e00000|100%| O|  |TAMS 0x00000000a5e00000, 0x00000000a5d00000| Untracked 
|  94|0x00000000a5e00000, 0x00000000a5f00000, 0x00000000a5f00000|100%| O|  |TAMS 0x00000000a5f00000, 0x00000000a5e00000| Untracked 
|  95|0x00000000a5f00000, 0x00000000a6000000, 0x00000000a6000000|100%| O|  |TAMS 0x00000000a6000000, 0x00000000a5f00000| Untracked 
|  96|0x00000000a6000000, 0x00000000a6100000, 0x00000000a6100000|100%|HS|  |TAMS 0x00000000a6100000, 0x00000000a6000000| Complete 
|  97|0x00000000a6100000, 0x00000000a6200000, 0x00000000a6200000|100%|HC|  |TAMS 0x00000000a6200000, 0x00000000a6100000| Complete 
|  98|0x00000000a6200000, 0x00000000a6300000, 0x00000000a6300000|100%|HC|  |TAMS 0x00000000a6300000, 0x00000000a6200000| Complete 
|  99|0x00000000a6300000, 0x00000000a6400000, 0x00000000a6400000|100%| O|  |TAMS 0x00000000a6400000, 0x00000000a6300000| Untracked 
| 100|0x00000000a6400000, 0x00000000a6500000, 0x00000000a6500000|100%| O|  |TAMS 0x00000000a6500000, 0x00000000a6400000| Untracked 
| 101|0x00000000a6500000, 0x00000000a6600000, 0x00000000a6600000|100%| O|  |TAMS 0x00000000a6600000, 0x00000000a6500000| Untracked 
| 102|0x00000000a6600000, 0x00000000a6700000, 0x00000000a6700000|100%| O|  |TAMS 0x00000000a6700000, 0x00000000a6600000| Untracked 
| 103|0x00000000a6700000, 0x00000000a6800000, 0x00000000a6800000|100%| O|  |TAMS 0x00000000a6800000, 0x00000000a6700000| Untracked 
| 104|0x00000000a6800000, 0x00000000a6900000, 0x00000000a6900000|100%| O|  |TAMS 0x00000000a6900000, 0x00000000a6800000| Untracked 
| 105|0x00000000a6900000, 0x00000000a6a00000, 0x00000000a6a00000|100%| O|  |TAMS 0x00000000a6a00000, 0x00000000a6900000| Untracked 
| 106|0x00000000a6a00000, 0x00000000a6b00000, 0x00000000a6b00000|100%| O|  |TAMS 0x00000000a6b00000, 0x00000000a6a00000| Untracked 
| 107|0x00000000a6b00000, 0x00000000a6c00000, 0x00000000a6c00000|100%| O|  |TAMS 0x00000000a6c00000, 0x00000000a6b00000| Untracked 
| 108|0x00000000a6c00000, 0x00000000a6d00000, 0x00000000a6d00000|100%| O|  |TAMS 0x00000000a6d00000, 0x00000000a6c00000| Untracked 
| 109|0x00000000a6d00000, 0x00000000a6e00000, 0x00000000a6e00000|100%| O|  |TAMS 0x00000000a6e00000, 0x00000000a6d00000| Untracked 
| 110|0x00000000a6e00000, 0x00000000a6f00000, 0x00000000a6f00000|100%| O|  |TAMS 0x00000000a6f00000, 0x00000000a6e00000| Untracked 
| 111|0x00000000a6f00000, 0x00000000a7000000, 0x00000000a7000000|100%| O|  |TAMS 0x00000000a7000000, 0x00000000a6f00000| Untracked 
| 112|0x00000000a7000000, 0x00000000a7100000, 0x00000000a7100000|100%| O|  |TAMS 0x00000000a7100000, 0x00000000a7000000| Untracked 
| 113|0x00000000a7100000, 0x00000000a7200000, 0x00000000a7200000|100%| O|  |TAMS 0x00000000a7200000, 0x00000000a7100000| Untracked 
| 114|0x00000000a7200000, 0x00000000a7300000, 0x00000000a7300000|100%| O|  |TAMS 0x00000000a7300000, 0x00000000a7200000| Untracked 
| 115|0x00000000a7300000, 0x00000000a7400000, 0x00000000a7400000|100%| O|  |TAMS 0x00000000a7400000, 0x00000000a7300000| Untracked 
| 116|0x00000000a7400000, 0x00000000a7400000, 0x00000000a7500000|  0%| F|  |TAMS 0x00000000a7400000, 0x00000000a7400000| Untracked 
| 117|0x00000000a7500000, 0x00000000a7500000, 0x00000000a7600000|  0%| F|  |TAMS 0x00000000a7500000, 0x00000000a7500000| Untracked 
| 118|0x00000000a7600000, 0x00000000a7600000, 0x00000000a7700000|  0%| F|  |TAMS 0x00000000a7600000, 0x00000000a7600000| Untracked 
| 119|0x00000000a7700000, 0x00000000a7700000, 0x00000000a7800000|  0%| F|  |TAMS 0x00000000a7700000, 0x00000000a7700000| Untracked 
| 120|0x00000000a7800000, 0x00000000a7800000, 0x00000000a7900000|  0%| F|  |TAMS 0x00000000a7800000, 0x00000000a7800000| Untracked 
| 121|0x00000000a7900000, 0x00000000a7900000, 0x00000000a7a00000|  0%| F|  |TAMS 0x00000000a7900000, 0x00000000a7900000| Untracked 
| 122|0x00000000a7a00000, 0x00000000a7a00000, 0x00000000a7b00000|  0%| F|  |TAMS 0x00000000a7a00000, 0x00000000a7a00000| Untracked 
| 123|0x00000000a7b00000, 0x00000000a7b00000, 0x00000000a7c00000|  0%| F|  |TAMS 0x00000000a7b00000, 0x00000000a7b00000| Untracked 
| 124|0x00000000a7c00000, 0x00000000a7c00000, 0x00000000a7d00000|  0%| F|  |TAMS 0x00000000a7c00000, 0x00000000a7c00000| Untracked 
| 125|0x00000000a7d00000, 0x00000000a7d00000, 0x00000000a7e00000|  0%| F|  |TAMS 0x00000000a7d00000, 0x00000000a7d00000| Untracked 
| 126|0x00000000a7e00000, 0x00000000a7e00000, 0x00000000a7f00000|  0%| F|  |TAMS 0x00000000a7e00000, 0x00000000a7e00000| Untracked 
| 127|0x00000000a7f00000, 0x00000000a7f00000, 0x00000000a8000000|  0%| F|  |TAMS 0x00000000a7f00000, 0x00000000a7f00000| Untracked 
| 128|0x00000000a8000000, 0x00000000a8000000, 0x00000000a8100000|  0%| F|  |TAMS 0x00000000a8000000, 0x00000000a8000000| Untracked 
| 129|0x00000000a8100000, 0x00000000a8100000, 0x00000000a8200000|  0%| F|  |TAMS 0x00000000a8100000, 0x00000000a8100000| Untracked 
| 130|0x00000000a8200000, 0x00000000a8200000, 0x00000000a8300000|  0%| F|  |TAMS 0x00000000a8200000, 0x00000000a8200000| Untracked 
| 131|0x00000000a8300000, 0x00000000a8300000, 0x00000000a8400000|  0%| F|  |TAMS 0x00000000a8300000, 0x00000000a8300000| Untracked 
| 132|0x00000000a8400000, 0x00000000a8400000, 0x00000000a8500000|  0%| F|  |TAMS 0x00000000a8400000, 0x00000000a8400000| Untracked 
| 133|0x00000000a8500000, 0x00000000a8500000, 0x00000000a8600000|  0%| F|  |TAMS 0x00000000a8500000, 0x00000000a8500000| Untracked 
| 134|0x00000000a8600000, 0x00000000a8600000, 0x00000000a8700000|  0%| F|  |TAMS 0x00000000a8600000, 0x00000000a8600000| Untracked 
| 135|0x00000000a8700000, 0x00000000a8700000, 0x00000000a8800000|  0%| F|  |TAMS 0x00000000a8700000, 0x00000000a8700000| Untracked 
| 136|0x00000000a8800000, 0x00000000a8800000, 0x00000000a8900000|  0%| F|  |TAMS 0x00000000a8800000, 0x00000000a8800000| Untracked 
| 137|0x00000000a8900000, 0x00000000a8900000, 0x00000000a8a00000|  0%| F|  |TAMS 0x00000000a8900000, 0x00000000a8900000| Untracked 
| 138|0x00000000a8a00000, 0x00000000a8a00000, 0x00000000a8b00000|  0%| F|  |TAMS 0x00000000a8a00000, 0x00000000a8a00000| Untracked 
| 139|0x00000000a8b00000, 0x00000000a8b00000, 0x00000000a8c00000|  0%| F|  |TAMS 0x00000000a8b00000, 0x00000000a8b00000| Untracked 
| 140|0x00000000a8c00000, 0x00000000a8c00000, 0x00000000a8d00000|  0%| F|  |TAMS 0x00000000a8c00000, 0x00000000a8c00000| Untracked 
| 141|0x00000000a8d00000, 0x00000000a8d00000, 0x00000000a8e00000|  0%| F|  |TAMS 0x00000000a8d00000, 0x00000000a8d00000| Untracked 
| 142|0x00000000a8e00000, 0x00000000a8e00000, 0x00000000a8f00000|  0%| F|  |TAMS 0x00000000a8e00000, 0x00000000a8e00000| Untracked 
| 143|0x00000000a8f00000, 0x00000000a8f00000, 0x00000000a9000000|  0%| F|  |TAMS 0x00000000a8f00000, 0x00000000a8f00000| Untracked 
| 144|0x00000000a9000000, 0x00000000a9100000, 0x00000000a9100000|100%| S|CS|TAMS 0x00000000a9000000, 0x00000000a9000000| Complete 
| 145|0x00000000a9100000, 0x00000000a9200000, 0x00000000a9200000|100%| S|CS|TAMS 0x00000000a9100000, 0x00000000a9100000| Complete 
| 146|0x00000000a9200000, 0x00000000a9300000, 0x00000000a9300000|100%| S|CS|TAMS 0x00000000a9200000, 0x00000000a9200000| Complete 
| 147|0x00000000a9300000, 0x00000000a9400000, 0x00000000a9400000|100%| S|CS|TAMS 0x00000000a9300000, 0x00000000a9300000| Complete 
| 148|0x00000000a9400000, 0x00000000a9400000, 0x00000000a9500000|  0%| F|  |TAMS 0x00000000a9400000, 0x00000000a9400000| Untracked 
| 149|0x00000000a9500000, 0x00000000a9500000, 0x00000000a9600000|  0%| F|  |TAMS 0x00000000a9500000, 0x00000000a9500000| Untracked 
| 150|0x00000000a9600000, 0x00000000a9600000, 0x00000000a9700000|  0%| F|  |TAMS 0x00000000a9600000, 0x00000000a9600000| Untracked 
| 151|0x00000000a9700000, 0x00000000a9700000, 0x00000000a9800000|  0%| F|  |TAMS 0x00000000a9700000, 0x00000000a9700000| Untracked 
| 152|0x00000000a9800000, 0x00000000a9800000, 0x00000000a9900000|  0%| F|  |TAMS 0x00000000a9800000, 0x00000000a9800000| Untracked 
| 153|0x00000000a9900000, 0x00000000a9900000, 0x00000000a9a00000|  0%| F|  |TAMS 0x00000000a9900000, 0x00000000a9900000| Untracked 
| 154|0x00000000a9a00000, 0x00000000a9a00000, 0x00000000a9b00000|  0%| F|  |TAMS 0x00000000a9a00000, 0x00000000a9a00000| Untracked 
| 155|0x00000000a9b00000, 0x00000000a9c00000, 0x00000000a9c00000|100%| S|CS|TAMS 0x00000000a9b00000, 0x00000000a9b00000| Complete 
| 156|0x00000000a9c00000, 0x00000000a9d00000, 0x00000000a9d00000|100%| S|CS|TAMS 0x00000000a9c00000, 0x00000000a9c00000| Complete 
| 157|0x00000000a9d00000, 0x00000000a9e00000, 0x00000000a9e00000|100%| S|CS|TAMS 0x00000000a9d00000, 0x00000000a9d00000| Complete 
| 158|0x00000000a9e00000, 0x00000000a9f00000, 0x00000000a9f00000|100%| S|CS|TAMS 0x00000000a9e00000, 0x00000000a9e00000| Complete 
| 159|0x00000000a9f00000, 0x00000000aa000000, 0x00000000aa000000|100%| S|CS|TAMS 0x00000000a9f00000, 0x00000000a9f00000| Complete 
| 160|0x00000000aa000000, 0x00000000aa000000, 0x00000000aa100000|  0%| F|  |TAMS 0x00000000aa000000, 0x00000000aa000000| Untracked 
| 161|0x00000000aa100000, 0x00000000aa100000, 0x00000000aa200000|  0%| F|  |TAMS 0x00000000aa100000, 0x00000000aa100000| Untracked 
| 162|0x00000000aa200000, 0x00000000aa200000, 0x00000000aa300000|  0%| F|  |TAMS 0x00000000aa200000, 0x00000000aa200000| Untracked 
| 163|0x00000000aa300000, 0x00000000aa300000, 0x00000000aa400000|  0%| F|  |TAMS 0x00000000aa300000, 0x00000000aa300000| Untracked 
| 164|0x00000000aa400000, 0x00000000aa400000, 0x00000000aa500000|  0%| F|  |TAMS 0x00000000aa400000, 0x00000000aa400000| Untracked 
| 165|0x00000000aa500000, 0x00000000aa500000, 0x00000000aa600000|  0%| F|  |TAMS 0x00000000aa500000, 0x00000000aa500000| Untracked 
| 166|0x00000000aa600000, 0x00000000aa600000, 0x00000000aa700000|  0%| F|  |TAMS 0x00000000aa600000, 0x00000000aa600000| Untracked 
| 167|0x00000000aa700000, 0x00000000aa700000, 0x00000000aa800000|  0%| F|  |TAMS 0x00000000aa700000, 0x00000000aa700000| Untracked 
| 168|0x00000000aa800000, 0x00000000aa800000, 0x00000000aa900000|  0%| F|  |TAMS 0x00000000aa800000, 0x00000000aa800000| Untracked 
| 169|0x00000000aa900000, 0x00000000aa900000, 0x00000000aaa00000|  0%| F|  |TAMS 0x00000000aa900000, 0x00000000aa900000| Untracked 
| 170|0x00000000aaa00000, 0x00000000aaa00000, 0x00000000aab00000|  0%| F|  |TAMS 0x00000000aaa00000, 0x00000000aaa00000| Untracked 
| 171|0x00000000aab00000, 0x00000000aab00000, 0x00000000aac00000|  0%| F|  |TAMS 0x00000000aab00000, 0x00000000aab00000| Untracked 
| 172|0x00000000aac00000, 0x00000000aac00000, 0x00000000aad00000|  0%| F|  |TAMS 0x00000000aac00000, 0x00000000aac00000| Untracked 
| 173|0x00000000aad00000, 0x00000000aad00000, 0x00000000aae00000|  0%| F|  |TAMS 0x00000000aad00000, 0x00000000aad00000| Untracked 
| 174|0x00000000aae00000, 0x00000000aae11f90, 0x00000000aaf00000|  7%| E|  |TAMS 0x00000000aae00000, 0x00000000aae00000| Complete 
| 175|0x00000000aaf00000, 0x00000000ab000000, 0x00000000ab000000|100%| E|CS|TAMS 0x00000000aaf00000, 0x00000000aaf00000| Complete 
| 176|0x00000000ab000000, 0x00000000ab100000, 0x00000000ab100000|100%| E|CS|TAMS 0x00000000ab000000, 0x00000000ab000000| Complete 
| 177|0x00000000ab100000, 0x00000000ab200000, 0x00000000ab200000|100%| E|CS|TAMS 0x00000000ab100000, 0x00000000ab100000| Complete 
| 178|0x00000000ab200000, 0x00000000ab300000, 0x00000000ab300000|100%| E|CS|TAMS 0x00000000ab200000, 0x00000000ab200000| Complete 
| 179|0x00000000ab300000, 0x00000000ab400000, 0x00000000ab400000|100%| E|CS|TAMS 0x00000000ab300000, 0x00000000ab300000| Complete 
| 180|0x00000000ab400000, 0x00000000ab500000, 0x00000000ab500000|100%| E|CS|TAMS 0x00000000ab400000, 0x00000000ab400000| Complete 
| 181|0x00000000ab500000, 0x00000000ab600000, 0x00000000ab600000|100%| E|CS|TAMS 0x00000000ab500000, 0x00000000ab500000| Complete 
| 182|0x00000000ab600000, 0x00000000ab700000, 0x00000000ab700000|100%| E|CS|TAMS 0x00000000ab600000, 0x00000000ab600000| Complete 
| 183|0x00000000ab700000, 0x00000000ab800000, 0x00000000ab800000|100%| E|CS|TAMS 0x00000000ab700000, 0x00000000ab700000| Complete 
| 184|0x00000000ab800000, 0x00000000ab900000, 0x00000000ab900000|100%| E|CS|TAMS 0x00000000ab800000, 0x00000000ab800000| Complete 
| 185|0x00000000ab900000, 0x00000000aba00000, 0x00000000aba00000|100%| E|CS|TAMS 0x00000000ab900000, 0x00000000ab900000| Complete 
| 186|0x00000000aba00000, 0x00000000abb00000, 0x00000000abb00000|100%| E|CS|TAMS 0x00000000aba00000, 0x00000000aba00000| Complete 
| 187|0x00000000abb00000, 0x00000000abc00000, 0x00000000abc00000|100%| E|CS|TAMS 0x00000000abb00000, 0x00000000abb00000| Complete 
| 188|0x00000000abc00000, 0x00000000abd00000, 0x00000000abd00000|100%| E|CS|TAMS 0x00000000abc00000, 0x00000000abc00000| Complete 
| 189|0x00000000abd00000, 0x00000000abe00000, 0x00000000abe00000|100%| E|CS|TAMS 0x00000000abd00000, 0x00000000abd00000| Complete 
| 190|0x00000000abe00000, 0x00000000abf00000, 0x00000000abf00000|100%| E|CS|TAMS 0x00000000abe00000, 0x00000000abe00000| Complete 
| 191|0x00000000abf00000, 0x00000000ac000000, 0x00000000ac000000|100%| E|CS|TAMS 0x00000000abf00000, 0x00000000abf00000| Complete 
| 192|0x00000000ac000000, 0x00000000ac100000, 0x00000000ac100000|100%| E|CS|TAMS 0x00000000ac000000, 0x00000000ac000000| Complete 
| 193|0x00000000ac100000, 0x00000000ac200000, 0x00000000ac200000|100%| E|CS|TAMS 0x00000000ac100000, 0x00000000ac100000| Complete 
| 194|0x00000000ac200000, 0x00000000ac300000, 0x00000000ac300000|100%| E|CS|TAMS 0x00000000ac200000, 0x00000000ac200000| Complete 
| 195|0x00000000ac300000, 0x00000000ac400000, 0x00000000ac400000|100%| E|CS|TAMS 0x00000000ac300000, 0x00000000ac300000| Complete 
| 196|0x00000000ac400000, 0x00000000ac500000, 0x00000000ac500000|100%| E|CS|TAMS 0x00000000ac400000, 0x00000000ac400000| Complete 
| 197|0x00000000ac500000, 0x00000000ac600000, 0x00000000ac600000|100%| E|CS|TAMS 0x00000000ac500000, 0x00000000ac500000| Complete 
| 198|0x00000000ac600000, 0x00000000ac700000, 0x00000000ac700000|100%| E|CS|TAMS 0x00000000ac600000, 0x00000000ac600000| Complete 
| 199|0x00000000ac700000, 0x00000000ac800000, 0x00000000ac800000|100%| E|CS|TAMS 0x00000000ac700000, 0x00000000ac700000| Complete 
| 200|0x00000000ac800000, 0x00000000ac900000, 0x00000000ac900000|100%| E|CS|TAMS 0x00000000ac800000, 0x00000000ac800000| Complete 
| 201|0x00000000ac900000, 0x00000000aca00000, 0x00000000aca00000|100%| E|  |TAMS 0x00000000ac900000, 0x00000000ac900000| Complete 
| 202|0x00000000aca00000, 0x00000000acb00000, 0x00000000acb00000|100%| E|CS|TAMS 0x00000000aca00000, 0x00000000aca00000| Complete 
| 203|0x00000000acb00000, 0x00000000acc00000, 0x00000000acc00000|100%| E|CS|TAMS 0x00000000acb00000, 0x00000000acb00000| Complete 
| 204|0x00000000acc00000, 0x00000000acd00000, 0x00000000acd00000|100%| E|CS|TAMS 0x00000000acc00000, 0x00000000acc00000| Complete 
| 205|0x00000000acd00000, 0x00000000ace00000, 0x00000000ace00000|100%| E|CS|TAMS 0x00000000acd00000, 0x00000000acd00000| Complete 
| 206|0x00000000ace00000, 0x00000000acf00000, 0x00000000acf00000|100%| E|CS|TAMS 0x00000000ace00000, 0x00000000ace00000| Complete 
| 207|0x00000000acf00000, 0x00000000ad000000, 0x00000000ad000000|100%| E|CS|TAMS 0x00000000acf00000, 0x00000000acf00000| Complete 
| 208|0x00000000ad000000, 0x00000000ad100000, 0x00000000ad100000|100%| E|CS|TAMS 0x00000000ad000000, 0x00000000ad000000| Complete 
| 209|0x00000000ad100000, 0x00000000ad200000, 0x00000000ad200000|100%| E|CS|TAMS 0x00000000ad100000, 0x00000000ad100000| Complete 
| 210|0x00000000ad200000, 0x00000000ad300000, 0x00000000ad300000|100%| E|CS|TAMS 0x00000000ad200000, 0x00000000ad200000| Complete 
| 211|0x00000000ad300000, 0x00000000ad400000, 0x00000000ad400000|100%| E|CS|TAMS 0x00000000ad300000, 0x00000000ad300000| Complete 
| 212|0x00000000ad400000, 0x00000000ad500000, 0x00000000ad500000|100%| E|CS|TAMS 0x00000000ad400000, 0x00000000ad400000| Complete 
| 213|0x00000000ad500000, 0x00000000ad600000, 0x00000000ad600000|100%| E|CS|TAMS 0x00000000ad500000, 0x00000000ad500000| Complete 
| 214|0x00000000ad600000, 0x00000000ad700000, 0x00000000ad700000|100%| E|CS|TAMS 0x00000000ad600000, 0x00000000ad600000| Complete 
| 215|0x00000000ad700000, 0x00000000ad800000, 0x00000000ad800000|100%| E|CS|TAMS 0x00000000ad700000, 0x00000000ad700000| Complete 
| 216|0x00000000ad800000, 0x00000000ad900000, 0x00000000ad900000|100%| E|CS|TAMS 0x00000000ad800000, 0x00000000ad800000| Complete 
| 217|0x00000000ad900000, 0x00000000ada00000, 0x00000000ada00000|100%| E|CS|TAMS 0x00000000ad900000, 0x00000000ad900000| Complete 
| 218|0x00000000ada00000, 0x00000000adb00000, 0x00000000adb00000|100%| E|CS|TAMS 0x00000000ada00000, 0x00000000ada00000| Complete 
| 219|0x00000000adb00000, 0x00000000adc00000, 0x00000000adc00000|100%| E|CS|TAMS 0x00000000adb00000, 0x00000000adb00000| Complete 
| 220|0x00000000adc00000, 0x00000000add00000, 0x00000000add00000|100%| E|CS|TAMS 0x00000000adc00000, 0x00000000adc00000| Complete 
| 221|0x00000000add00000, 0x00000000ade00000, 0x00000000ade00000|100%| E|CS|TAMS 0x00000000add00000, 0x00000000add00000| Complete 

Card table byte_map: [0x000001d77cbf0000,0x000001d77cef0000] _byte_map_base: 0x000001d77c6f0000

Marking Bits (Prev, Next): (CMBitMap*) 0x000001d77c847b88, (CMBitMap*) 0x000001d77c847bc0
 Prev Bits: [0x000001d77d1f0000, 0x000001d77e9f0000)
 Next Bits: [0x000001d712a30000, 0x000001d714230000)

Polling page: 0x000001d77a7c0000

Metaspace:

Usage:
  Non-class:     77.02 MB capacity,    74.50 MB ( 97%) used,     2.24 MB (  3%) free+waste,   288.75 KB ( <1%) overhead. 
      Class:     12.50 MB capacity,    11.29 MB ( 90%) used,     1.08 MB (  9%) free+waste,   136.06 KB (  1%) overhead. 
       Both:     89.52 MB capacity,    85.79 MB ( 96%) used,     3.32 MB (  4%) free+waste,   424.81 KB ( <1%) overhead. 

Virtual space:
  Non-class space:       78.00 MB reserved,      77.18 MB ( 99%) committed 
      Class space:        1.00 GB reserved,      12.57 MB (  1%) committed 
             Both:        1.08 GB reserved,      89.75 MB (  8%) committed 

Chunk freelists:
   Non-Class:  27.00 KB
       Class:  0 bytes
        Both:  27.00 KB

MaxMetaspaceSize: 17179869184.00 GB
CompressedClassSpaceSize: 1.00 GB
Initial GC threshold: 20.80 MB
Current GC threshold: 147.92 MB
CDS: off

CodeHeap 'non-profiled nmethods': size=120064Kb used=5192Kb max_used=5192Kb free=114871Kb
 bounds [0x000001d70b4f0000, 0x000001d70ba10000, 0x000001d712a30000]
CodeHeap 'profiled nmethods': size=120000Kb used=21763Kb max_used=21763Kb free=98236Kb
 bounds [0x000001d703fc0000, 0x000001d705510000, 0x000001d70b4f0000]
CodeHeap 'non-nmethods': size=5696Kb used=2366Kb max_used=2408Kb free=3329Kb
 bounds [0x000001d703a30000, 0x000001d703ca0000, 0x000001d703fc0000]
 total_blobs=12234 nmethods=11360 adapters=785
 compilation: enabled
              stopped_count=0, restarted_count=0
 full_count=0

Compilation events (20 events):
Event: 18.373 Thread 0x000001d77eefa000 nmethod 11631 0x000001d7054f9d10 code [0x000001d7054fa040, 0x000001d7054fafa8]
Event: 18.373 Thread 0x000001d77eefa000 11633   !   3       java.lang.invoke.InvokerBytecodeGenerator::resolveInvokerMember (41 bytes)
Event: 18.374 Thread 0x000001d77eefa000 nmethod 11633 0x000001d7054fb510 code [0x000001d7054fb700, 0x000001d7054fba48]
Event: 18.537 Thread 0x000001d77eef5800 nmethod 11613 0x000001d70b9ed990 code [0x000001d70b9edde0, 0x000001d70b9f1df0]
Event: 18.537 Thread 0x000001d77eef5800 11637       4       java.util.Collections$1::next (25 bytes)
Event: 18.538 Thread 0x000001d77eef5800 nmethod 11637 0x000001d70b9f4110 code [0x000001d70b9f42a0, 0x000001d70b9f4338]
Event: 18.538 Thread 0x000001d77eef5800 11628       4       java.lang.invoke.MemberName::initResolved (53 bytes)
Event: 18.539 Thread 0x000001d77eef5800 nmethod 11628 0x000001d70b9f4410 code [0x000001d70b9f45a0, 0x000001d70b9f46b8]
Event: 18.869 Thread 0x000001d71ef23000 nmethod 11606 0x000001d70b9f4710 code [0x000001d70b9f4ec0, 0x000001d70b9fc578]
Event: 19.156 Thread 0x000001d77eefa000 11638       3       org.gradle.internal.logging.console.StyledTextOutputBackedRenderer::onOutput (260 bytes)
Event: 19.156 Thread 0x000001d77eef5800 11639       4       java.lang.reflect.AccessibleObject::checkCanSetAccessible (386 bytes)
Event: 19.160 Thread 0x000001d77eefa000 nmethod 11638 0x000001d7054fbc10 code [0x000001d7054fc140, 0x000001d7054ff338]
Event: 19.160 Thread 0x000001d77eefa000 11641   !   3       com.sun.proxy.$Proxy0::onOutput (34 bytes)
Event: 19.160 Thread 0x000001d77eefa000 nmethod 11641 0x000001d705500190 code [0x000001d705500380, 0x000001d705500878]
Event: 19.160 Thread 0x000001d77eefa000 11640       3       java.util.concurrent.ConcurrentHashMap::containsKey (14 bytes)
Event: 19.160 Thread 0x000001d77eefa000 nmethod 11640 0x000001d705500a90 code [0x000001d705500c40, 0x000001d705500dc8]
Event: 19.161 Thread 0x000001d77eefa000 11643       1       org.gradle.internal.serialize.Serializers$StatefulSerializerAdapter::access$000 (5 bytes)
Event: 19.161 Thread 0x000001d77eefa000 nmethod 11643 0x000001d70ba01d10 code [0x000001d70ba01ec0, 0x000001d70ba01f58]
Event: 19.175 Thread 0x000001d77eefa000 11644       1       org.gradle.launcher.daemon.protocol.OutputMessage::getEvent (5 bytes)
Event: 19.175 Thread 0x000001d77eefa000 nmethod 11644 0x000001d70ba02010 code [0x000001d70ba021c0, 0x000001d70ba02278]

GC Heap History (20 events):
Event: 8.145 GC heap before
{Heap before GC invocations=13 (full 0):
 garbage-first heap   total 157696K, used 115263K [0x00000000a0000000, 0x0000000100000000)
  region size 1024K, 77 young (78848K), 10 survivors (10240K)
 Metaspace       used 58101K, capacity 59699K, committed 59980K, reserved 1101824K
  class space    used 7396K, capacity 7971K, committed 8012K, reserved 1048576K
}
Event: 8.158 GC heap after
{Heap after GC invocations=14 (full 0):
 garbage-first heap   total 157696K, used 51578K [0x00000000a0000000, 0x0000000100000000)
  region size 1024K, 5 young (5120K), 5 survivors (5120K)
 Metaspace       used 58101K, capacity 59699K, committed 59980K, reserved 1101824K
  class space    used 7396K, capacity 7971K, committed 8012K, reserved 1048576K
}
Event: 8.424 GC heap before
{Heap before GC invocations=14 (full 0):
 garbage-first heap   total 157696K, used 64890K [0x00000000a0000000, 0x0000000100000000)
  region size 1024K, 20 young (20480K), 5 survivors (5120K)
 Metaspace       used 58494K, capacity 60091K, committed 60288K, reserved 1101824K
  class space    used 7449K, capacity 8036K, committed 8140K, reserved 1048576K
}
Event: 8.432 GC heap after
{Heap after GC invocations=15 (full 0):
 garbage-first heap   total 189440K, used 53123K [0x00000000a0000000, 0x0000000100000000)
  region size 1024K, 6 young (6144K), 6 survivors (6144K)
 Metaspace       used 58494K, capacity 60091K, committed 60288K, reserved 1101824K
  class space    used 7449K, capacity 8036K, committed 8140K, reserved 1048576K
}
Event: 9.502 GC heap before
{Heap before GC invocations=16 (full 0):
 garbage-first heap   total 189440K, used 134019K [0x00000000a0000000, 0x0000000100000000)
  region size 1024K, 85 young (87040K), 6 survivors (6144K)
 Metaspace       used 66128K, capacity 67932K, committed 68096K, reserved 1107968K
  class space    used 8342K, capacity 8950K, committed 9036K, reserved 1048576K
}
Event: 9.514 GC heap after
{Heap after GC invocations=17 (full 0):
 garbage-first heap   total 189440K, used 56820K [0x00000000a0000000, 0x0000000100000000)
  region size 1024K, 10 young (10240K), 10 survivors (10240K)
 Metaspace       used 66128K, capacity 67932K, committed 68096K, reserved 1107968K
  class space    used 8342K, capacity 8950K, committed 9036K, reserved 1048576K
}
Event: 10.125 GC heap before
{Heap before GC invocations=18 (full 0):
 garbage-first heap   total 189440K, used 140788K [0x00000000a0000000, 0x0000000100000000)
  region size 1024K, 92 young (94208K), 10 survivors (10240K)
 Metaspace       used 67782K, capacity 69784K, committed 70016K, reserved 1110016K
  class space    used 8588K, capacity 9285K, committed 9420K, reserved 1048576K
}
Event: 10.150 GC heap after
{Heap after GC invocations=19 (full 0):
 garbage-first heap   total 189440K, used 63434K [0x00000000a0000000, 0x0000000100000000)
  region size 1024K, 12 young (12288K), 12 survivors (12288K)
 Metaspace       used 67782K, capacity 69784K, committed 70016K, reserved 1110016K
  class space    used 8588K, capacity 9285K, committed 9420K, reserved 1048576K
}
Event: 11.118 GC heap before
{Heap before GC invocations=19 (full 0):
 garbage-first heap   total 189440K, used 144330K [0x00000000a0000000, 0x0000000100000000)
  region size 1024K, 91 young (93184K), 12 survivors (12288K)
 Metaspace       used 73950K, capacity 76194K, committed 76416K, reserved 1116160K
  class space    used 9599K, capacity 10414K, committed 10444K, reserved 1048576K
}
Event: 11.138 GC heap after
{Heap after GC invocations=20 (full 0):
 garbage-first heap   total 189440K, used 70025K [0x00000000a0000000, 0x0000000100000000)
  region size 1024K, 6 young (6144K), 6 survivors (6144K)
 Metaspace       used 73950K, capacity 76194K, committed 76416K, reserved 1116160K
  class space    used 9599K, capacity 10414K, committed 10444K, reserved 1048576K
}
Event: 12.208 GC heap before
{Heap before GC invocations=20 (full 0):
 garbage-first heap   total 189440K, used 150921K [0x00000000a0000000, 0x0000000100000000)
  region size 1024K, 82 young (83968K), 6 survivors (6144K)
 Metaspace       used 76847K, capacity 79410K, committed 79744K, reserved 1118208K
  class space    used 9976K, capacity 10859K, committed 10956K, reserved 1048576K
}
Event: 12.233 GC heap after
{Heap after GC invocations=21 (full 0):
 garbage-first heap   total 189440K, used 85469K [0x00000000a0000000, 0x0000000100000000)
  region size 1024K, 11 young (11264K), 11 survivors (11264K)
 Metaspace       used 76847K, capacity 79410K, committed 79744K, reserved 1118208K
  class space    used 9976K, capacity 10859K, committed 10956K, reserved 1048576K
}
Event: 13.320 GC heap before
{Heap before GC invocations=21 (full 0):
 garbage-first heap   total 189440K, used 151005K [0x00000000a0000000, 0x0000000100000000)
  region size 1024K, 73 young (74752K), 11 survivors (11264K)
 Metaspace       used 78179K, capacity 81300K, committed 81536K, reserved 1120256K
  class space    used 10110K, capacity 11155K, committed 11212K, reserved 1048576K
}
Event: 13.341 GC heap after
{Heap after GC invocations=22 (full 0):
 garbage-first heap   total 189440K, used 98371K [0x00000000a0000000, 0x0000000100000000)
  region size 1024K, 10 young (10240K), 10 survivors (10240K)
 Metaspace       used 78179K, capacity 81300K, committed 81536K, reserved 1120256K
  class space    used 10110K, capacity 11155K, committed 11212K, reserved 1048576K
}
Event: 13.795 GC heap before
{Heap before GC invocations=22 (full 0):
 garbage-first heap   total 189440K, used 135235K [0x00000000a0000000, 0x0000000100000000)
  region size 1024K, 47 young (48128K), 10 survivors (10240K)
 Metaspace       used 78713K, capacity 82123K, committed 82176K, reserved 1120256K
  class space    used 10183K, capacity 11301K, committed 11340K, reserved 1048576K
}
Event: 13.819 GC heap after
{Heap after GC invocations=23 (full 0):
 garbage-first heap   total 227328K, used 105899K [0x00000000a0000000, 0x0000000100000000)
  region size 1024K, 8 young (8192K), 8 survivors (8192K)
 Metaspace       used 78713K, capacity 82123K, committed 82176K, reserved 1120256K
  class space    used 10183K, capacity 11301K, committed 11340K, reserved 1048576K
}
Event: 15.637 GC heap before
{Heap before GC invocations=24 (full 0):
 garbage-first heap   total 227328K, used 177579K [0x00000000a0000000, 0x0000000100000000)
  region size 1024K, 75 young (76800K), 8 survivors (8192K)
 Metaspace       used 84147K, capacity 87670K, committed 87936K, reserved 1124352K
  class space    used 11005K, capacity 12160K, committed 12236K, reserved 1048576K
}
Event: 15.665 GC heap after
{Heap after GC invocations=25 (full 0):
 garbage-first heap   total 227328K, used 116480K [0x00000000a0000000, 0x0000000100000000)
  region size 1024K, 8 young (8192K), 8 survivors (8192K)
 Metaspace       used 84147K, capacity 87670K, committed 87936K, reserved 1124352K
  class space    used 11005K, capacity 12160K, committed 12236K, reserved 1048576K
}
Event: 16.805 GC heap before
{Heap before GC invocations=25 (full 0):
 garbage-first heap   total 227328K, used 179968K [0x00000000a0000000, 0x0000000100000000)
  region size 1024K, 70 young (71680K), 8 survivors (8192K)
 Metaspace       used 86305K, capacity 89893K, committed 89984K, reserved 1126400K
  class space    used 11282K, capacity 12457K, committed 12492K, reserved 1048576K
}
Event: 16.838 GC heap after
{Heap after GC invocations=26 (full 0):
 garbage-first heap   total 227328K, used 128000K [0x00000000a0000000, 0x0000000100000000)
  region size 1024K, 9 young (9216K), 9 survivors (9216K)
 Metaspace       used 86305K, capacity 89893K, committed 89984K, reserved 1126400K
  class space    used 11282K, capacity 12457K, committed 12492K, reserved 1048576K
}

Deoptimization events (20 events):
Event: 18.194 Thread 0x000001d7187aa000 DEOPT PACKING pc=0x000001d70b9d9e6c sp=0x0000003f154fb180
Event: 18.194 Thread 0x000001d7187aa000 DEOPT UNPACKING pc=0x000001d703a7a1af sp=0x0000003f154fb0f8 mode 2
Event: 18.231 Thread 0x000001d7187aa000 Uncommon trap: trap_request=0xffffff4d fr.pc=0x000001d70b999334 relative=0x0000000000000ad4
Event: 18.231 Thread 0x000001d7187aa000 Uncommon trap: reason=unstable_if action=reinterpret pc=0x000001d70b999334 method=org.gradle.internal.snapshot.VfsRelativePath.compareToFirstSegment(Ljava/lang/String;Lorg/gradle/internal/snapshot/CaseSensitivity;)I @ 134 c2
Event: 18.231 Thread 0x000001d7187aa000 DEOPT PACKING pc=0x000001d70b999334 sp=0x0000003f154f8ba0
Event: 18.231 Thread 0x000001d7187aa000 DEOPT UNPACKING pc=0x000001d703a7a1af sp=0x0000003f154f89e0 mode 2
Event: 18.231 Thread 0x000001d7187aa000 Uncommon trap: trap_request=0xffffffde fr.pc=0x000001d70b98f088 relative=0x00000000000008e8
Event: 18.232 Thread 0x000001d7187aa000 Uncommon trap: reason=class_check action=maybe_recompile pc=0x000001d70b98f088 method=org.gradle.internal.snapshot.ChildMap$Entry.handleAncestorDescendantOrExactMatch(Lorg/gradle/internal/snapshot/VfsRelativePath;Lorg/gradle/internal/snapshot/CaseSensitiv
Event: 18.232 Thread 0x000001d7187aa000 DEOPT PACKING pc=0x000001d70b98f088 sp=0x0000003f154f8b80
Event: 18.232 Thread 0x000001d7187aa000 DEOPT UNPACKING pc=0x000001d703a7a1af sp=0x0000003f154f8b78 mode 2
Event: 18.235 Thread 0x000001d7187aa000 Uncommon trap: trap_request=0xffffffde fr.pc=0x000001d70b98f274 relative=0x0000000000000ad4
Event: 18.236 Thread 0x000001d7187aa000 Uncommon trap: reason=class_check action=maybe_recompile pc=0x000001d70b98f274 method=org.gradle.internal.snapshot.ChildMap$Entry.handleAncestorDescendantOrExactMatch(Lorg/gradle/internal/snapshot/VfsRelativePath;Lorg/gradle/internal/snapshot/CaseSensitiv
Event: 18.236 Thread 0x000001d7187aa000 DEOPT PACKING pc=0x000001d70b98f274 sp=0x0000003f154f8ff0
Event: 18.236 Thread 0x000001d7187aa000 DEOPT UNPACKING pc=0x000001d703a7a1af sp=0x0000003f154f8fe0 mode 2
Event: 18.308 Thread 0x000001d7187aa000 DEOPT PACKING pc=0x000001d704a360f3 sp=0x0000003f154f8e30
Event: 18.308 Thread 0x000001d7187aa000 DEOPT UNPACKING pc=0x000001d703a7a95e sp=0x0000003f154f83d0 mode 0
Event: 18.332 Thread 0x000001d7187aa000 Uncommon trap: trap_request=0xfffffff4 fr.pc=0x000001d70b868b44 relative=0x0000000000001be4
Event: 18.332 Thread 0x000001d7187aa000 Uncommon trap: reason=null_check action=make_not_entrant pc=0x000001d70b868b44 method=com.sun.beans.TypeResolver.resolve(Ljava/lang/reflect/Type;Ljava/lang/reflect/Type;)Ljava/lang/reflect/Type; @ 167 c2
Event: 18.332 Thread 0x000001d7187aa000 DEOPT PACKING pc=0x000001d70b868b44 sp=0x0000003f154f5d20
Event: 18.332 Thread 0x000001d7187aa000 DEOPT UNPACKING pc=0x000001d703a7a1af sp=0x0000003f154f5c80 mode 2

Classes redefined (0 events):
No events

Internal exceptions (20 events):
Event: 18.319 Thread 0x000001d7187aa000 Exception <a 'java/lang/ClassNotFoundException'{0x00000000ab21b7e8}: org/gradle/process/internal/DefaultExecHandleBuilderBeanInfo> (0x00000000ab21b7e8) thrown at [./src/hotspot/share/classfile/systemDictionary.cpp, line 231]
Event: 18.320 Thread 0x000001d7187aa000 Exception <a 'java/lang/ClassNotFoundException'{0x00000000ab24eaa8}: org/gradle/process/internal/AbstractExecHandleBuilderBeanInfo> (0x00000000ab24eaa8) thrown at [./src/hotspot/share/classfile/systemDictionary.cpp, line 231]
Event: 18.320 Thread 0x000001d7187aa000 Exception <a 'java/lang/ClassNotFoundException'{0x00000000ab281e18}: org/gradle/process/internal/DefaultProcessForkOptionsBeanInfo> (0x00000000ab281e18) thrown at [./src/hotspot/share/classfile/systemDictionary.cpp, line 231]
Event: 18.321 Thread 0x000001d7187aa000 Exception <a 'java/lang/ClassNotFoundException'{0x00000000ab2b5b40}: org/gradle/process/internal/DefaultProcessForkOptionsCustomizer> (0x00000000ab2b5b40) thrown at [./src/hotspot/share/classfile/systemDictionary.cpp, line 231]
Event: 18.323 Thread 0x000001d7187aa000 Exception <a 'java/lang/ClassNotFoundException'{0x00000000ab2f62e8}: org/gradle/process/internal/AbstractExecHandleBuilderCustomizer> (0x00000000ab2f62e8) thrown at [./src/hotspot/share/classfile/systemDictionary.cpp, line 231]
Event: 18.324 Thread 0x000001d7187aa000 Exception <a 'java/lang/ClassNotFoundException'{0x00000000ab13b138}: org/gradle/process/internal/DefaultExecHandleBuilderCustomizer> (0x00000000ab13b138) thrown at [./src/hotspot/share/classfile/systemDictionary.cpp, line 231]
Event: 18.325 Thread 0x000001d7187aa000 Exception <a 'java/lang/ClassNotFoundException'{0x00000000ab197bd8}: org/gradle/process/internal/DefaultExecActionCustomizer> (0x00000000ab197bd8) thrown at [./src/hotspot/share/classfile/systemDictionary.cpp, line 231]
Event: 18.326 Thread 0x000001d7187aa000 Exception <a 'java/lang/ClassNotFoundException'{0x00000000ab1d37d0}: org/gradle/process/internal/DefaultExecAction_DecoratedCustomizer> (0x00000000ab1d37d0) thrown at [./src/hotspot/share/classfile/systemDictionary.cpp, line 231]
Event: 18.329 Thread 0x000001d7187aa000 Exception <a 'java/lang/ClassNotFoundException'{0x00000000ab02d088}: org/gradle/api/logging/LogLevelBeanInfo> (0x00000000ab02d088) thrown at [./src/hotspot/share/classfile/systemDictionary.cpp, line 231]
Event: 18.331 Thread 0x000001d7187aa000 Exception <a 'java/lang/ClassNotFoundException'{0x00000000ab056db8}: org/gradle/api/logging/LogLevelCustomizer> (0x00000000ab056db8) thrown at [./src/hotspot/share/classfile/systemDictionary.cpp, line 231]
Event: 18.332 Thread 0x000001d7187aa000 Implicit null exception at 0x000001d70b86807f to 0x000001d70b868b20
Event: 18.337 Thread 0x000001d7187aa000 Exception <a 'java/lang/ClassNotFoundException'{0x00000000ab0caf28}: org/gradle/internal/logging/services/DefaultLoggingManagerBeanInfo> (0x00000000ab0caf28) thrown at [./src/hotspot/share/classfile/systemDictionary.cpp, line 231]
Event: 18.338 Thread 0x000001d7187aa000 Exception <a 'java/lang/ClassNotFoundException'{0x00000000ab0fee00}: org/gradle/internal/logging/services/DefaultLoggingManagerCustomizer> (0x00000000ab0fee00) thrown at [./src/hotspot/share/classfile/systemDictionary.cpp, line 231]
Event: 18.342 Thread 0x000001d7187aa000 Exception <a 'java/lang/ClassNotFoundException'{0x00000000aaf3a280}: java/lang/BooleanBeanInfo> (0x00000000aaf3a280) thrown at [./src/hotspot/share/classfile/systemDictionary.cpp, line 231]
Event: 18.342 Thread 0x000001d7187aa000 Exception <a 'java/lang/ClassNotFoundException'{0x00000000aaf44c20}: java/lang/BooleanCustomizer> (0x00000000aaf44c20) thrown at [./src/hotspot/share/classfile/systemDictionary.cpp, line 231]
Event: 18.364 Thread 0x000001d7187b0800 Exception <a 'java/lang/NoSuchMethodError'{0x00000000aafaff98}: 'void java.lang.invoke.DirectMethodHandle$Holder.invokeStatic(java.lang.Object, long)'> (0x00000000aafaff98) thrown at [./src/hotspot/share/interpreter/linkResolver.cpp, line 773]
Event: 18.365 Thread 0x000001d7187b0800 Exception <a 'java/lang/NoSuchMethodError'{0x00000000aafb5198}: 'java.lang.Object java.lang.invoke.DirectMethodHandle$Holder.invokeStatic(java.lang.Object, long)'> (0x00000000aafb5198) thrown at [./src/hotspot/share/interpreter/linkResolver.cpp, line 773]
Event: 18.367 Thread 0x000001d7187b0800 Exception <a 'java/lang/NoSuchMethodError'{0x00000000aafc3460}: 'java.lang.Object java.lang.invoke.DirectMethodHandle$Holder.invokeStaticInit(java.lang.Object, java.lang.Object, long, java.lang.Object)'> (0x00000000aafc3460) thrown at [./src/hotspot/share/interpreter/linkResolver.cpp, line 773]
Event: 18.368 Thread 0x000001d7187b0800 Exception <a 'java/lang/NoSuchMethodError'{0x00000000aafc9350}: 'java.lang.Object java.lang.invoke.DirectMethodHandle$Holder.invokeStatic(java.lang.Object, java.lang.Object, long)'> (0x00000000aafc9350) thrown at [./src/hotspot/share/interpreter/linkResolver.cpp, line 773]
Event: 18.368 Thread 0x000001d7187b0800 Exception <a 'java/lang/NoSuchMethodError'{0x00000000aafcf898}: 'java.lang.Object java.lang.invoke.Invokers$Holder.linkToTargetMethod(java.lang.Object, long, java.lang.Object)'> (0x00000000aafcf898) thrown at [./src/hotspot/share/interpreter/linkResolver.cpp, line 773]

Events (20 events):
Event: 18.351 Thread 0x000001d7187b0800 Thread added: 0x000001d7187b0800
Event: 18.352 loading class java/lang/ProcessBuilder
Event: 18.352 loading class java/lang/ProcessBuilder done
Event: 18.352 loading class net/rubygrapefruit/platform/internal/jni/WindowsHandleFunctions
Event: 18.352 loading class net/rubygrapefruit/platform/internal/jni/WindowsHandleFunctions done
Event: 18.353 loading class java/lang/ProcessImpl
Event: 18.354 loading class java/lang/ProcessImpl done
Event: 18.365 loading class java/lang/ProcessHandleImpl
Event: 18.366 loading class java/lang/ProcessHandleImpl done
Event: 18.368 loading class java/lang/ProcessImpl$2
Event: 18.368 loading class java/lang/ProcessImpl$2 done
Event: 18.369 loading class java/lang/Process$PipeInputStream
Event: 18.369 loading class java/lang/Process$PipeInputStream done
Event: 18.369 Executing VM operation: Deoptimize
Event: 18.370 Executing VM operation: Deoptimize done
Event: 18.371 loading class org/gradle/process/internal/streams/ExecOutputHandleRunner
Event: 18.371 loading class org/gradle/process/internal/streams/ExecOutputHandleRunner done
Event: 18.375 Thread 0x000001d7187ae000 Thread added: 0x000001d7187ae000
Event: 18.376 Thread 0x000001d7187b2000 Thread added: 0x000001d7187b2000
Event: 19.156 Thread 0x000001d71ef23000 Thread exited: 0x000001d71ef23000


Dynamic libraries:
0x00007ff7a9600000 - 0x00007ff7a960a000 	C:\Program Files\Android\Android Studio\jre\bin\java.exe
0x00007ffe09a90000 - 0x00007ffe09c88000 	C:\Windows\SYSTEM32\ntdll.dll
0x00007ffe08410000 - 0x00007ffe084cd000 	C:\Windows\System32\KERNEL32.DLL
0x00007ffe07460000 - 0x00007ffe0772e000 	C:\Windows\System32\KERNELBASE.dll
0x00007ffe072f0000 - 0x00007ffe073f0000 	C:\Windows\System32\ucrtbase.dll
0x00007ffdeded0000 - 0x00007ffdedee7000 	C:\Program Files\Android\Android Studio\jre\bin\VCRUNTIME140.dll
0x00007ffdf0710000 - 0x00007ffdf0729000 	C:\Program Files\Android\Android Studio\jre\bin\jli.dll
0x00007ffe08850000 - 0x00007ffe089f0000 	C:\Windows\System32\USER32.dll
0x00007ffe07270000 - 0x00007ffe07292000 	C:\Windows\System32\win32u.dll
0x00007ffdfd5c0000 - 0x00007ffdfd85a000 	C:\Windows\WinSxS\amd64_microsoft.windows.common-controls_6595b64144ccf1df_6.0.19041.1110_none_60b5254171f9507e\COMCTL32.dll
0x00007ffe096b0000 - 0x00007ffe096da000 	C:\Windows\System32\GDI32.dll
0x00007ffe081e0000 - 0x00007ffe0827e000 	C:\Windows\System32\msvcrt.dll
0x00007ffe07930000 - 0x00007ffe07a3b000 	C:\Windows\System32\gdi32full.dll
0x00007ffe07730000 - 0x00007ffe077cd000 	C:\Windows\System32\msvcp_win.dll
0x00007ffe08360000 - 0x00007ffe08390000 	C:\Windows\System32\IMM32.DLL
0x00007ffdd5e70000 - 0x00007ffdd5f0d000 	C:\Program Files\Android\Android Studio\jre\bin\msvcp140.dll
0x00007ffd72c30000 - 0x00007ffd73715000 	C:\Program Files\Android\Android Studio\jre\bin\server\jvm.dll
0x00007ffe09140000 - 0x00007ffe091ee000 	C:\Windows\System32\ADVAPI32.dll
0x00007ffe09290000 - 0x00007ffe0932c000 	C:\Windows\System32\sechost.dll
0x00007ffe07af0000 - 0x00007ffe07c15000 	C:\Windows\System32\RPCRT4.dll
0x00007ffe084d0000 - 0x00007ffe084d8000 	C:\Windows\System32\PSAPI.DLL
0x00007ffdfef50000 - 0x00007ffdfef5a000 	C:\Windows\SYSTEM32\VERSION.dll
0x00007ffdf1fd0000 - 0x00007ffdf1fd9000 	C:\Windows\SYSTEM32\WSOCK32.dll
0x00007ffdfd370000 - 0x00007ffdfd397000 	C:\Windows\SYSTEM32\WINMM.dll
0x00007ffe09390000 - 0x00007ffe093fb000 	C:\Windows\System32\WS2_32.dll
0x00007ffe05a40000 - 0x00007ffe05a52000 	C:\Windows\SYSTEM32\kernel.appcore.dll
0x00007ffe01c10000 - 0x00007ffe01c21000 	C:\Program Files\Android\Android Studio\jre\bin\verify.dll
0x00007ffe04e10000 - 0x00007ffe04ff4000 	C:\Windows\SYSTEM32\DBGHELP.DLL
0x00007ffdfed80000 - 0x00007ffdfedac000 	C:\Windows\SYSTEM32\dbgcore.DLL
0x00007ffe071b0000 - 0x00007ffe07232000 	C:\Windows\System32\bcryptPrimitives.dll
0x00007ffe01750000 - 0x00007ffe01779000 	C:\Program Files\Android\Android Studio\jre\bin\java.dll
0x00007ffe01c00000 - 0x00007ffe01c0b000 	C:\Program Files\Android\Android Studio\jre\bin\jimage.dll
0x00007ffe01810000 - 0x00007ffe01828000 	C:\Program Files\Android\Android Studio\jre\bin\zip.dll
0x00007ffe089f0000 - 0x00007ffe09134000 	C:\Windows\System32\SHELL32.dll
0x00007ffe05290000 - 0x00007ffe05a24000 	C:\Windows\SYSTEM32\windows.storage.dll
0x00007ffe084e0000 - 0x00007ffe08834000 	C:\Windows\System32\combase.dll
0x00007ffe06c10000 - 0x00007ffe06c40000 	C:\Windows\SYSTEM32\Wldp.dll
0x00007ffe099a0000 - 0x00007ffe09a4d000 	C:\Windows\System32\SHCORE.dll
0x00007ffe09330000 - 0x00007ffe09385000 	C:\Windows\System32\shlwapi.dll
0x00007ffe070f0000 - 0x00007ffe0710f000 	C:\Windows\SYSTEM32\profapi.dll
0x00007ffe00520000 - 0x00007ffe0053a000 	C:\Program Files\Android\Android Studio\jre\bin\net.dll
0x00007ffdfd010000 - 0x00007ffdfd11a000 	C:\Windows\SYSTEM32\WINHTTP.dll
0x00007ffe06970000 - 0x00007ffe069da000 	C:\Windows\system32\mswsock.dll
0x00007ffe00450000 - 0x00007ffe00464000 	C:\Program Files\Android\Android Studio\jre\bin\nio.dll
0x00007ffded6c0000 - 0x00007ffded6e7000 	C:\Users\kranthi\.gradle\native\e1d6ef7f7dcc3fd88c89a11ec53ec762bb8ba0a96d01ffa2cd45eb1d1d8dd5c5\windows-amd64\native-platform.dll
0x00007ffdd5700000 - 0x00007ffdd5844000 	C:\Users\kranthi\.gradle\native\0d407fdbe67a94daf76414ababcb853783967236a71b16ec16e742cd7a986fd3\windows-amd64\native-platform-file-events.dll
0x00007ffe00510000 - 0x00007ffe0051a000 	C:\Program Files\Android\Android Studio\jre\bin\management.dll
0x00007ffe004d0000 - 0x00007ffe004dd000 	C:\Program Files\Android\Android Studio\jre\bin\management_ext.dll
0x00007ffe06b70000 - 0x00007ffe06b88000 	C:\Windows\SYSTEM32\CRYPTSP.dll
0x00007ffe06280000 - 0x00007ffe062b4000 	C:\Windows\system32\rsaenh.dll
0x00007ffe07240000 - 0x00007ffe07267000 	C:\Windows\System32\bcrypt.dll
0x00007ffe070b0000 - 0x00007ffe070de000 	C:\Windows\SYSTEM32\USERENV.dll
0x00007ffe06b60000 - 0x00007ffe06b6c000 	C:\Windows\SYSTEM32\CRYPTBASE.dll
0x00007ffe06610000 - 0x00007ffe0664b000 	C:\Windows\SYSTEM32\IPHLPAPI.DLL
0x00007ffe08840000 - 0x00007ffe08848000 	C:\Windows\System32\NSI.dll
0x00007ffdff2a0000 - 0x00007ffdff2b7000 	C:\Windows\SYSTEM32\dhcpcsvc6.DLL
0x00007ffdff480000 - 0x00007ffdff49d000 	C:\Windows\SYSTEM32\dhcpcsvc.DLL
0x00007ffe06660000 - 0x00007ffe0672a000 	C:\Windows\SYSTEM32\DNSAPI.dll

dbghelp: loaded successfully - version: 4.0.5 - missing functions: none
symbol engine: initialized successfully - sym options: 0x614 - pdb path: .;C:\Program Files\Android\Android Studio\jre\bin;C:\Windows\SYSTEM32;C:\Windows\WinSxS\amd64_microsoft.windows.common-controls_6595b64144ccf1df_6.0.19041.1110_none_60b5254171f9507e;C:\Program Files\Android\Android Studio\jre\bin\server;C:\Users\kranthi\.gradle\native\e1d6ef7f7dcc3fd88c89a11ec53ec762bb8ba0a96d01ffa2cd45eb1d1d8dd5c5\windows-amd64;C:\Users\kranthi\.gradle\native\0d407fdbe67a94daf76414ababcb853783967236a71b16ec16e742cd7a986fd3\windows-amd64

VM Arguments:
jvm_args: --add-opens=java.base/java.util=ALL-UNNAMED --add-opens=java.base/java.lang=ALL-UNNAMED --add-opens=java.base/java.lang.invoke=ALL-UNNAMED --add-opens=java.base/java.util=ALL-UNNAMED --add-opens=java.prefs/java.util.prefs=ALL-UNNAMED --add-opens=java.prefs/java.util.prefs=ALL-UNNAMED --add-opens=java.base/java.nio.charset=ALL-UNNAMED --add-opens=java.base/java.net=ALL-UNNAMED --add-opens=java.base/java.util.concurrent.atomic=ALL-UNNAMED -Xmx1536M -Dfile.encoding=windows-1252 -Duser.country=US -Duser.language=en -Duser.variant 
java_command: org.gradle.launcher.daemon.bootstrap.GradleDaemon 7.4
java_class_path (initial): C:\Users\kranthi\.gradle\wrapper\dists\gradle-7.4-all\aadb4xli5jkdsnukm30eibyiu\gradle-7.4\lib\gradle-launcher-7.4.jar
Launcher Type: SUN_STANDARD

[Global flags]
     intx CICompilerCount                          = 3                                         {product} {ergonomic}
     uint ConcGCThreads                            = 1                                         {product} {ergonomic}
     uint G1ConcRefinementThreads                  = 4                                         {product} {ergonomic}
   size_t G1HeapRegionSize                         = 1048576                                   {product} {ergonomic}
    uintx GCDrainStackTargetSize                   = 64                                        {product} {ergonomic}
   size_t InitialHeapSize                          = 134217728                                 {product} {ergonomic}
   size_t MarkStackSize                            = 4194304                                   {product} {ergonomic}
   size_t MaxHeapSize                              = 1610612736                                {product} {command line}
   size_t MaxNewSize                               = 965738496                                 {product} {ergonomic}
   size_t MinHeapDeltaBytes                        = 1048576                                   {product} {ergonomic}
    uintx NonNMethodCodeHeapSize                   = 5830732                                {pd product} {ergonomic}
    uintx NonProfiledCodeHeapSize                  = 122913754                              {pd product} {ergonomic}
    uintx ProfiledCodeHeapSize                     = 122913754                              {pd product} {ergonomic}
    uintx ReservedCodeCacheSize                    = 251658240                              {pd product} {ergonomic}
     bool SegmentedCodeCache                       = true                                      {product} {ergonomic}
     bool UseCompressedClassPointers               = true                                 {lp64_product} {ergonomic}
     bool UseCompressedOops                        = true                                 {lp64_product} {ergonomic}
     bool UseG1GC                                  = true                                      {product} {ergonomic}
     bool UseLargePagesIndividualAllocation        = false                                  {pd product} {ergonomic}

Logging:
Log output configuration:
 #0: stdout all=warning uptime,level,tags
 #1: stderr all=off uptime,level,tags

Environment Variables:
JAVA_HOME=C:\Program Files\Android\Android Studio\jre
CLASSPATH=C:\Users\kranthi\StudioProjects\NohungRider\android\\gradle\wrapper\gradle-wrapper.jar
PATH=C:\Program Files (x86)\Common Files\Oracle\Java\javapath;C:\Program Files (x86)\Intel\iCLS Client\;C:\ProgramData\Oracle\Java\javapath;C:\Program Files\Intel\iCLS Client\;C:\Windows\system32;C:\Windows;C:\Windows\System32\Wbem;C:\Windows\System32\WindowsPowerShell\v1.0\;C:\Program Files (x86)\Intel\Intel(R) Management Engine Components\DAL;C:\Program Files\Intel\Intel(R) Management Engine Components\DAL;C:\Program Files (x86)\Intel\Intel(R) Management Engine Components\IPT;C:\Program Files\Intel\Intel(R) Management Engine Components\IPT;C:\Windows\System32\OpenSSH\;C:\Program Files\Intel\WiFi\bin\;C:\Program Files\Common Files\Intel\WirelessCommon\;C:\Program Files\Git\cmd;C:\Program Files\dotnet\;C:\flutter\bin;C:\Users\kranthi\AppData\Local\Programs\Microsoft VS Code\bin;C:\Users\kranthi\AppData\Local\Android\Sdk\platform-tools;;C:\flutter\bin\mingit\cmd
USERNAME=kranthi
OS=Windows_NT
PROCESSOR_IDENTIFIER=Intel64 Family 6 Model 142 Stepping 9, GenuineIntel



---------------  S Y S T E M  ---------------

OS: Windows 10 , 64 bit Build 19041 (10.0.19041.1889)
OS uptime: 13 days 23:21 hours

CPU:total 4 (initial active 4) (2 cores per cpu, 2 threads per core) family 6 model 142 stepping 9 microcode 0xb4, cmov, cx8, fxsr, mmx, sse, sse2, sse3, ssse3, sse4.1, sse4.2, popcnt, avx, avx2, aes, clmul, erms, 3dnowpref, lzcnt, ht, tsc, tscinvbit, bmi1, bmi2, adx, fma

Memory: 4k page, system-wide physical 8089M (377M free)
TotalPageFile size 32665M (AvailPageFile size 0M)
current process WorkingSet (physical memory assigned to process): 401M, peak: 409M
current process commit charge ("private bytes"): 513M, peak: 522M

vm_info: OpenJDK 64-Bit Server VM (11.0.12+7-b1504.28-7817840) for windows-amd64 JRE (11.0.12+7-b1504.28-7817840), built on Oct 13 2021 22:12:33 by "builder" with MS VC++ 14.0 (VS2015)

END.
